2024-08-09 08:17:13,699 - distributed.nanny - INFO -         Start Nanny at: 'tcp://10.34.59.10:38507'
2024-08-09 08:17:13,703 - distributed.nanny - INFO -         Start Nanny at: 'tcp://10.34.59.10:42566'
2024-08-09 08:17:13,704 - distributed.nanny - INFO -         Start Nanny at: 'tcp://10.34.59.10:35883'
2024-08-09 08:17:13,704 - distributed.nanny - INFO -         Start Nanny at: 'tcp://10.34.59.10:36252'
2024-08-09 08:17:14,305 - distributed.diskutils - INFO - Found stale lock file and directory '/tmp/dask-scratch-space/worker-0brciltk', purging
2024-08-09 08:17:14,305 - distributed.diskutils - INFO - Found stale lock file and directory '/tmp/dask-scratch-space/worker-6ku0fyxl', purging
2024-08-09 08:17:14,306 - distributed.diskutils - INFO - Found stale lock file and directory '/tmp/dask-scratch-space/worker-xr_nhfsv', purging
2024-08-09 08:17:14,306 - distributed.diskutils - INFO - Found stale lock file and directory '/tmp/dask-scratch-space/worker-pb54ep0v', purging
2024-08-09 08:17:14,786 - distributed.worker - INFO -       Start worker at:    tcp://10.34.59.10:46633
2024-08-09 08:17:14,787 - distributed.worker - INFO -          Listening to:    tcp://10.34.59.10:46633
2024-08-09 08:17:14,787 - distributed.worker - INFO -           Worker name:           SLURMCluster-7-1
2024-08-09 08:17:14,787 - distributed.worker - INFO -          dashboard at:          10.34.59.10:46261
2024-08-09 08:17:14,787 - distributed.worker - INFO - Waiting to connect to:     tcp://10.34.59.1:42742
2024-08-09 08:17:14,787 - distributed.worker - INFO - -------------------------------------------------
2024-08-09 08:17:14,787 - distributed.worker - INFO -               Threads:                          1
2024-08-09 08:17:14,787 - distributed.worker - INFO -                Memory:                   1.86 GiB
2024-08-09 08:17:14,787 - distributed.worker - INFO -       Local Directory: /tmp/dask-scratch-space/worker-z5m9fq9m
2024-08-09 08:17:14,787 - distributed.worker - INFO - -------------------------------------------------
2024-08-09 08:17:14,792 - distributed.worker - INFO -       Start worker at:    tcp://10.34.59.10:34457
2024-08-09 08:17:14,793 - distributed.worker - INFO -          Listening to:    tcp://10.34.59.10:34457
2024-08-09 08:17:14,793 - distributed.worker - INFO -           Worker name:           SLURMCluster-7-3
2024-08-09 08:17:14,793 - distributed.worker - INFO -          dashboard at:          10.34.59.10:40393
2024-08-09 08:17:14,793 - distributed.worker - INFO - Waiting to connect to:     tcp://10.34.59.1:42742
2024-08-09 08:17:14,793 - distributed.worker - INFO - -------------------------------------------------
2024-08-09 08:17:14,793 - distributed.worker - INFO -               Threads:                          1
2024-08-09 08:17:14,793 - distributed.worker - INFO -                Memory:                   1.86 GiB
2024-08-09 08:17:14,793 - distributed.worker - INFO -       Local Directory: /tmp/dask-scratch-space/worker-8btki1op
2024-08-09 08:17:14,793 - distributed.worker - INFO -       Start worker at:    tcp://10.34.59.10:45116
2024-08-09 08:17:14,793 - distributed.worker - INFO - -------------------------------------------------
2024-08-09 08:17:14,793 - distributed.worker - INFO -          Listening to:    tcp://10.34.59.10:45116
2024-08-09 08:17:14,793 - distributed.worker - INFO -           Worker name:           SLURMCluster-7-0
2024-08-09 08:17:14,793 - distributed.worker - INFO -          dashboard at:          10.34.59.10:36349
2024-08-09 08:17:14,793 - distributed.worker - INFO - Waiting to connect to:     tcp://10.34.59.1:42742
2024-08-09 08:17:14,793 - distributed.worker - INFO - -------------------------------------------------
2024-08-09 08:17:14,793 - distributed.worker - INFO -               Threads:                          1
2024-08-09 08:17:14,793 - distributed.worker - INFO -                Memory:                   1.86 GiB
2024-08-09 08:17:14,793 - distributed.worker - INFO -       Local Directory: /tmp/dask-scratch-space/worker-pn8vnccq
2024-08-09 08:17:14,793 - distributed.worker - INFO - -------------------------------------------------
2024-08-09 08:17:14,794 - distributed.worker - INFO -       Start worker at:    tcp://10.34.59.10:42879
2024-08-09 08:17:14,794 - distributed.worker - INFO -          Listening to:    tcp://10.34.59.10:42879
2024-08-09 08:17:14,794 - distributed.worker - INFO -           Worker name:           SLURMCluster-7-2
2024-08-09 08:17:14,794 - distributed.worker - INFO -          dashboard at:          10.34.59.10:35884
2024-08-09 08:17:14,794 - distributed.worker - INFO - Waiting to connect to:     tcp://10.34.59.1:42742
2024-08-09 08:17:14,794 - distributed.worker - INFO - -------------------------------------------------
2024-08-09 08:17:14,794 - distributed.worker - INFO -               Threads:                          1
2024-08-09 08:17:14,794 - distributed.worker - INFO -                Memory:                   1.86 GiB
2024-08-09 08:17:14,794 - distributed.worker - INFO -       Local Directory: /tmp/dask-scratch-space/worker-tbugjy6l
2024-08-09 08:17:14,794 - distributed.worker - INFO - -------------------------------------------------
2024-08-09 08:17:15,144 - distributed.worker - INFO - Starting Worker plugin shuffle
2024-08-09 08:17:15,144 - distributed.worker - INFO -         Registered to:     tcp://10.34.59.1:42742
2024-08-09 08:17:15,145 - distributed.worker - INFO - -------------------------------------------------
2024-08-09 08:17:15,145 - distributed.core - INFO - Starting established connection to tcp://10.34.59.1:42742
2024-08-09 08:17:15,153 - distributed.worker - INFO - Starting Worker plugin shuffle
2024-08-09 08:17:15,153 - distributed.worker - INFO -         Registered to:     tcp://10.34.59.1:42742
2024-08-09 08:17:15,154 - distributed.worker - INFO - -------------------------------------------------
2024-08-09 08:17:15,154 - distributed.core - INFO - Starting established connection to tcp://10.34.59.1:42742
2024-08-09 08:17:15,162 - distributed.worker - INFO - Starting Worker plugin shuffle
2024-08-09 08:17:15,163 - distributed.worker - INFO -         Registered to:     tcp://10.34.59.1:42742
2024-08-09 08:17:15,163 - distributed.worker - INFO - -------------------------------------------------
2024-08-09 08:17:15,163 - distributed.core - INFO - Starting established connection to tcp://10.34.59.1:42742
2024-08-09 08:17:15,165 - distributed.worker - INFO - Starting Worker plugin shuffle
2024-08-09 08:17:15,165 - distributed.worker - INFO -         Registered to:     tcp://10.34.59.1:42742
2024-08-09 08:17:15,166 - distributed.worker - INFO - -------------------------------------------------
2024-08-09 08:17:15,166 - distributed.core - INFO - Starting established connection to tcp://10.34.59.1:42742
slurmstepd: error: *** JOB 2331428 ON cl-node010 CANCELLED AT 2024-08-09T08:17:26 ***
2024-08-09 08:17:26,807 - distributed.worker - INFO - Stopping worker at tcp://10.34.59.10:46633. Reason: scheduler-close
2024-08-09 08:17:26,807 - distributed.worker - INFO - Stopping worker at tcp://10.34.59.10:34457. Reason: scheduler-close
2024-08-09 08:17:26,807 - distributed.worker - INFO - Stopping worker at tcp://10.34.59.10:42879. Reason: scheduler-close
2024-08-09 08:17:26,807 - distributed.worker - INFO - Stopping worker at tcp://10.34.59.10:45116. Reason: scheduler-close
2024-08-09 08:17:26,809 - distributed.nanny - INFO - Closing Nanny gracefully at 'tcp://10.34.59.10:35883'. Reason: scheduler-close
2024-08-09 08:17:26,810 - distributed.nanny - INFO - Closing Nanny gracefully at 'tcp://10.34.59.10:38507'. Reason: scheduler-close
2024-08-09 08:17:26,809 - distributed.batched - INFO - Batched Comm Closed <TCP (closed) Worker->Scheduler local=tcp://10.34.59.10:34882 remote=tcp://10.34.59.1:42742>
Traceback (most recent call last):
  File "/users/stud/k/kruret00/.local/lib/python3.10/site-packages/distributed/comm/tcp.py", line 297, in write
    raise StreamClosedError()
tornado.iostream.StreamClosedError: Stream is closed

The above exception was the direct cause of the following exception:

Traceback (most recent call last):
  File "/users/stud/k/kruret00/.local/lib/python3.10/site-packages/distributed/batched.py", line 115, in _background_send
    nbytes = yield coro
  File "/users/stud/k/kruret00/.local/lib/python3.10/site-packages/tornado/gen.py", line 767, in run
    value = future.result()
  File "/users/stud/k/kruret00/.local/lib/python3.10/site-packages/distributed/comm/tcp.py", line 307, in write
    convert_stream_closed_error(self, e)
  File "/users/stud/k/kruret00/.local/lib/python3.10/site-packages/distributed/comm/tcp.py", line 142, in convert_stream_closed_error
    raise CommClosedError(f"in {obj}: {exc}") from exc
distributed.comm.core.CommClosedError: in <TCP (closed) Worker->Scheduler local=tcp://10.34.59.10:34882 remote=tcp://10.34.59.1:42742>: Stream is closed
2024-08-09 08:17:26,809 - distributed.batched - INFO - Batched Comm Closed <TCP (closed) Worker->Scheduler local=tcp://10.34.59.10:34884 remote=tcp://10.34.59.1:42742>
Traceback (most recent call last):
  File "/users/stud/k/kruret00/.local/lib/python3.10/site-packages/distributed/comm/tcp.py", line 297, in write
    raise StreamClosedError()
tornado.iostream.StreamClosedError: Stream is closed

The above exception was the direct cause of the following exception:

Traceback (most recent call last):
  File "/users/stud/k/kruret00/.local/lib/python3.10/site-packages/distributed/batched.py", line 115, in _background_send
    nbytes = yield coro
  File "/users/stud/k/kruret00/.local/lib/python3.10/site-packages/tornado/gen.py", line 767, in run
    value = future.result()
  File "/users/stud/k/kruret00/.local/lib/python3.10/site-packages/distributed/comm/tcp.py", line 307, in write
    convert_stream_closed_error(self, e)
  File "/users/stud/k/kruret00/.local/lib/python3.10/site-packages/distributed/comm/tcp.py", line 142, in convert_stream_closed_error
    raise CommClosedError(f"in {obj}: {exc}") from exc
distributed.comm.core.CommClosedError: in <TCP (closed) Worker->Scheduler local=tcp://10.34.59.10:34884 remote=tcp://10.34.59.1:42742>: Stream is closed
2024-08-09 08:17:26,811 - distributed.core - INFO - Received 'close-stream' from tcp://10.34.59.1:42742; closing.
2024-08-09 08:17:26,811 - distributed.nanny - INFO - Worker closed
2024-08-09 08:17:26,812 - distributed.nanny - INFO - Closing Nanny gracefully at 'tcp://10.34.59.10:42566'. Reason: scheduler-close
2024-08-09 08:17:26,812 - distributed.nanny - INFO - Closing Nanny gracefully at 'tcp://10.34.59.10:36252'. Reason: scheduler-close
2024-08-09 08:17:26,813 - distributed.core - INFO - Received 'close-stream' from tcp://10.34.59.1:42742; closing.
2024-08-09 08:17:26,813 - distributed.nanny - INFO - Worker closed
2024-08-09 08:17:26,815 - distributed.core - INFO - Received 'close-stream' from tcp://10.34.59.1:42742; closing.
2024-08-09 08:17:26,815 - distributed.nanny - INFO - Worker closed
2024-08-09 08:17:26,816 - distributed.core - INFO - Received 'close-stream' from tcp://10.34.59.1:42742; closing.
2024-08-09 08:17:26,816 - distributed.nanny - INFO - Worker closed
