2024-08-09 07:46:56,577 - distributed.nanny - INFO -         Start Nanny at: 'tcp://10.34.59.4:36362'
2024-08-09 07:46:56,580 - distributed.nanny - INFO -         Start Nanny at: 'tcp://10.34.59.4:38085'
2024-08-09 07:46:56,581 - distributed.nanny - INFO -         Start Nanny at: 'tcp://10.34.59.4:42606'
2024-08-09 07:46:56,585 - distributed.nanny - INFO -         Start Nanny at: 'tcp://10.34.59.4:37336'
2024-08-09 07:46:56,586 - distributed.nanny - INFO -         Start Nanny at: 'tcp://10.34.59.4:33209'
2024-08-09 07:46:56,586 - distributed.nanny - INFO -         Start Nanny at: 'tcp://10.34.59.4:42962'
2024-08-09 07:46:56,587 - distributed.nanny - INFO -         Start Nanny at: 'tcp://10.34.59.4:36742'
2024-08-09 07:46:56,587 - distributed.nanny - INFO -         Start Nanny at: 'tcp://10.34.59.4:41530'
2024-08-09 07:46:57,185 - distributed.diskutils - INFO - Found stale lock file and directory '/tmp/dask-scratch-space/worker-cq56d1_8', purging
2024-08-09 07:46:57,186 - distributed.diskutils - INFO - Found stale lock file and directory '/tmp/dask-scratch-space/worker-n410xuyy', purging
2024-08-09 07:46:57,186 - distributed.diskutils - INFO - Found stale lock file and directory '/tmp/dask-scratch-space/worker-9dho4jbb', purging
2024-08-09 07:46:57,186 - distributed.diskutils - INFO - Found stale lock file and directory '/tmp/dask-scratch-space/worker-cu4b5v5o', purging
2024-08-09 07:46:58,122 - distributed.worker - INFO -       Start worker at:     tcp://10.34.59.4:41065
2024-08-09 07:46:58,122 - distributed.worker - INFO -          Listening to:     tcp://10.34.59.4:41065
2024-08-09 07:46:58,122 - distributed.worker - INFO -           Worker name:           SLURMCluster-1-1
2024-08-09 07:46:58,122 - distributed.worker - INFO -          dashboard at:           10.34.59.4:43829
2024-08-09 07:46:58,122 - distributed.worker - INFO - Waiting to connect to:     tcp://10.34.59.1:43871
2024-08-09 07:46:58,122 - distributed.worker - INFO - -------------------------------------------------
2024-08-09 07:46:58,122 - distributed.worker - INFO -               Threads:                          1
2024-08-09 07:46:58,123 - distributed.worker - INFO -                Memory:                   1.86 GiB
2024-08-09 07:46:58,123 - distributed.worker - INFO -       Local Directory: /tmp/dask-scratch-space/worker-8c54h7xl
2024-08-09 07:46:58,123 - distributed.worker - INFO - -------------------------------------------------
2024-08-09 07:46:58,123 - distributed.worker - INFO -       Start worker at:     tcp://10.34.59.4:46548
2024-08-09 07:46:58,123 - distributed.worker - INFO -          Listening to:     tcp://10.34.59.4:46548
2024-08-09 07:46:58,123 - distributed.worker - INFO -       Start worker at:     tcp://10.34.59.4:33824
2024-08-09 07:46:58,123 - distributed.worker - INFO -           Worker name:           SLURMCluster-1-4
2024-08-09 07:46:58,123 - distributed.worker - INFO -          dashboard at:           10.34.59.4:35545
2024-08-09 07:46:58,123 - distributed.worker - INFO -          Listening to:     tcp://10.34.59.4:33824
2024-08-09 07:46:58,123 - distributed.worker - INFO - Waiting to connect to:     tcp://10.34.59.1:43871
2024-08-09 07:46:58,123 - distributed.worker - INFO -           Worker name:           SLURMCluster-1-2
2024-08-09 07:46:58,123 - distributed.worker - INFO - -------------------------------------------------
2024-08-09 07:46:58,123 - distributed.worker - INFO -          dashboard at:           10.34.59.4:38744
2024-08-09 07:46:58,123 - distributed.worker - INFO -               Threads:                          1
2024-08-09 07:46:58,123 - distributed.worker - INFO - Waiting to connect to:     tcp://10.34.59.1:43871
2024-08-09 07:46:58,123 - distributed.worker - INFO -                Memory:                   1.86 GiB
2024-08-09 07:46:58,123 - distributed.worker - INFO - -------------------------------------------------
2024-08-09 07:46:58,123 - distributed.worker - INFO -       Local Directory: /tmp/dask-scratch-space/worker-pbvok1r2
2024-08-09 07:46:58,124 - distributed.worker - INFO -               Threads:                          1
2024-08-09 07:46:58,124 - distributed.worker - INFO - -------------------------------------------------
2024-08-09 07:46:58,124 - distributed.worker - INFO -                Memory:                   1.86 GiB
2024-08-09 07:46:58,124 - distributed.worker - INFO -       Local Directory: /tmp/dask-scratch-space/worker-ugxpr2bz
2024-08-09 07:46:58,124 - distributed.worker - INFO - -------------------------------------------------
2024-08-09 07:46:58,125 - distributed.worker - INFO -       Start worker at:     tcp://10.34.59.4:36267
2024-08-09 07:46:58,125 - distributed.worker - INFO -          Listening to:     tcp://10.34.59.4:36267
2024-08-09 07:46:58,125 - distributed.worker - INFO -           Worker name:           SLURMCluster-1-5
2024-08-09 07:46:58,125 - distributed.worker - INFO -       Start worker at:     tcp://10.34.59.4:46611
2024-08-09 07:46:58,125 - distributed.worker - INFO -          dashboard at:           10.34.59.4:46056
2024-08-09 07:46:58,125 - distributed.worker - INFO -          Listening to:     tcp://10.34.59.4:46611
2024-08-09 07:46:58,125 - distributed.worker - INFO - Waiting to connect to:     tcp://10.34.59.1:43871
2024-08-09 07:46:58,125 - distributed.worker - INFO - -------------------------------------------------
2024-08-09 07:46:58,125 - distributed.worker - INFO -           Worker name:           SLURMCluster-1-3
2024-08-09 07:46:58,125 - distributed.worker - INFO -               Threads:                          1
2024-08-09 07:46:58,125 - distributed.worker - INFO -          dashboard at:           10.34.59.4:42845
2024-08-09 07:46:58,125 - distributed.worker - INFO -                Memory:                   1.86 GiB
2024-08-09 07:46:58,125 - distributed.worker - INFO - Waiting to connect to:     tcp://10.34.59.1:43871
2024-08-09 07:46:58,125 - distributed.worker - INFO -       Local Directory: /tmp/dask-scratch-space/worker-2iq02grq
2024-08-09 07:46:58,125 - distributed.worker - INFO - -------------------------------------------------
2024-08-09 07:46:58,125 - distributed.worker - INFO -               Threads:                          1
2024-08-09 07:46:58,125 - distributed.worker - INFO - -------------------------------------------------
2024-08-09 07:46:58,125 - distributed.worker - INFO -                Memory:                   1.86 GiB
2024-08-09 07:46:58,125 - distributed.worker - INFO -       Local Directory: /tmp/dask-scratch-space/worker-t_d801up
2024-08-09 07:46:58,125 - distributed.worker - INFO - -------------------------------------------------
2024-08-09 07:46:58,127 - distributed.worker - INFO -       Start worker at:     tcp://10.34.59.4:42062
2024-08-09 07:46:58,127 - distributed.worker - INFO -          Listening to:     tcp://10.34.59.4:42062
2024-08-09 07:46:58,127 - distributed.worker - INFO -           Worker name:           SLURMCluster-1-6
2024-08-09 07:46:58,127 - distributed.worker - INFO -          dashboard at:           10.34.59.4:46882
2024-08-09 07:46:58,127 - distributed.worker - INFO - Waiting to connect to:     tcp://10.34.59.1:43871
2024-08-09 07:46:58,127 - distributed.worker - INFO - -------------------------------------------------
2024-08-09 07:46:58,127 - distributed.worker - INFO -               Threads:                          1
2024-08-09 07:46:58,128 - distributed.worker - INFO -                Memory:                   1.86 GiB
2024-08-09 07:46:58,128 - distributed.worker - INFO -       Local Directory: /tmp/dask-scratch-space/worker-c3dlc65t
2024-08-09 07:46:58,128 - distributed.worker - INFO - -------------------------------------------------
2024-08-09 07:46:58,134 - distributed.worker - INFO -       Start worker at:     tcp://10.34.59.4:44698
2024-08-09 07:46:58,134 - distributed.worker - INFO -          Listening to:     tcp://10.34.59.4:44698
2024-08-09 07:46:58,134 - distributed.worker - INFO -           Worker name:           SLURMCluster-1-7
2024-08-09 07:46:58,134 - distributed.worker - INFO -          dashboard at:           10.34.59.4:43970
2024-08-09 07:46:58,134 - distributed.worker - INFO -       Start worker at:     tcp://10.34.59.4:37102
2024-08-09 07:46:58,134 - distributed.worker - INFO - Waiting to connect to:     tcp://10.34.59.1:43871
2024-08-09 07:46:58,134 - distributed.worker - INFO - -------------------------------------------------
2024-08-09 07:46:58,134 - distributed.worker - INFO -          Listening to:     tcp://10.34.59.4:37102
2024-08-09 07:46:58,134 - distributed.worker - INFO -               Threads:                          1
2024-08-09 07:46:58,134 - distributed.worker - INFO -           Worker name:           SLURMCluster-1-0
2024-08-09 07:46:58,134 - distributed.worker - INFO -                Memory:                   1.86 GiB
2024-08-09 07:46:58,134 - distributed.worker - INFO -          dashboard at:           10.34.59.4:41447
2024-08-09 07:46:58,135 - distributed.worker - INFO -       Local Directory: /tmp/dask-scratch-space/worker-p2pstisl
2024-08-09 07:46:58,135 - distributed.worker - INFO - Waiting to connect to:     tcp://10.34.59.1:43871
2024-08-09 07:46:58,135 - distributed.worker - INFO - -------------------------------------------------
2024-08-09 07:46:58,135 - distributed.worker - INFO - -------------------------------------------------
2024-08-09 07:46:58,135 - distributed.worker - INFO -               Threads:                          1
2024-08-09 07:46:58,135 - distributed.worker - INFO -                Memory:                   1.86 GiB
2024-08-09 07:46:58,135 - distributed.worker - INFO -       Local Directory: /tmp/dask-scratch-space/worker-udby8f16
2024-08-09 07:46:58,135 - distributed.worker - INFO - -------------------------------------------------
2024-08-09 07:46:58,493 - distributed.worker - INFO - Starting Worker plugin shuffle
2024-08-09 07:46:58,493 - distributed.worker - INFO -         Registered to:     tcp://10.34.59.1:43871
2024-08-09 07:46:58,494 - distributed.worker - INFO - -------------------------------------------------
2024-08-09 07:46:58,494 - distributed.core - INFO - Starting established connection to tcp://10.34.59.1:43871
2024-08-09 07:46:58,494 - distributed.worker - INFO - Starting Worker plugin shuffle
2024-08-09 07:46:58,495 - distributed.worker - INFO -         Registered to:     tcp://10.34.59.1:43871
2024-08-09 07:46:58,495 - distributed.worker - INFO - -------------------------------------------------
2024-08-09 07:46:58,495 - distributed.worker - INFO - Starting Worker plugin shuffle
2024-08-09 07:46:58,496 - distributed.core - INFO - Starting established connection to tcp://10.34.59.1:43871
2024-08-09 07:46:58,496 - distributed.worker - INFO - Starting Worker plugin shuffle
2024-08-09 07:46:58,496 - distributed.worker - INFO -         Registered to:     tcp://10.34.59.1:43871
2024-08-09 07:46:58,496 - distributed.worker - INFO - -------------------------------------------------
2024-08-09 07:46:58,496 - distributed.core - INFO - Starting established connection to tcp://10.34.59.1:43871
2024-08-09 07:46:58,496 - distributed.worker - INFO -         Registered to:     tcp://10.34.59.1:43871
2024-08-09 07:46:58,497 - distributed.worker - INFO - -------------------------------------------------
2024-08-09 07:46:58,497 - distributed.core - INFO - Starting established connection to tcp://10.34.59.1:43871
2024-08-09 07:46:58,507 - distributed.worker - INFO - Starting Worker plugin shuffle
2024-08-09 07:46:58,507 - distributed.worker - INFO -         Registered to:     tcp://10.34.59.1:43871
2024-08-09 07:46:58,507 - distributed.worker - INFO - -------------------------------------------------
2024-08-09 07:46:58,508 - distributed.core - INFO - Starting established connection to tcp://10.34.59.1:43871
2024-08-09 07:46:58,519 - distributed.worker - INFO - Starting Worker plugin shuffle
2024-08-09 07:46:58,520 - distributed.worker - INFO -         Registered to:     tcp://10.34.59.1:43871
2024-08-09 07:46:58,520 - distributed.worker - INFO - -------------------------------------------------
2024-08-09 07:46:58,520 - distributed.worker - INFO - Starting Worker plugin shuffle
2024-08-09 07:46:58,520 - distributed.core - INFO - Starting established connection to tcp://10.34.59.1:43871
2024-08-09 07:46:58,521 - distributed.worker - INFO -         Registered to:     tcp://10.34.59.1:43871
2024-08-09 07:46:58,521 - distributed.worker - INFO - -------------------------------------------------
2024-08-09 07:46:58,521 - distributed.core - INFO - Starting established connection to tcp://10.34.59.1:43871
2024-08-09 07:46:58,522 - distributed.worker - INFO - Starting Worker plugin shuffle
2024-08-09 07:46:58,523 - distributed.worker - INFO -         Registered to:     tcp://10.34.59.1:43871
2024-08-09 07:46:58,523 - distributed.worker - INFO - -------------------------------------------------
2024-08-09 07:46:58,523 - distributed.core - INFO - Starting established connection to tcp://10.34.59.1:43871
2024-08-09 07:47:01,816 - distributed.worker.memory - WARNING - Worker is at 87% memory usage. Pausing worker.  Process memory: 1.63 GiB -- Worker memory limit: 1.86 GiB
2024-08-09 07:47:01,822 - distributed.worker.memory - WARNING - Unmanaged memory use is high. This may indicate a memory leak or the memory may not be released to the OS; see https://distributed.dask.org/en/latest/worker-memory.html#memory-not-released-back-to-the-os for more information. -- Unmanaged memory: 1.63 GiB -- Worker memory limit: 1.86 GiB
2024-08-09 07:47:02,089 - distributed.worker.memory - WARNING - Worker is at 37% memory usage. Resuming worker. Process memory: 714.00 MiB -- Worker memory limit: 1.86 GiB
slurmstepd: error: *** JOB 2331190 ON cl-node004 CANCELLED AT 2024-08-09T07:47:17 ***
2024-08-09 07:47:17,902 - distributed.worker - INFO - Stopping worker at tcp://10.34.59.4:46611. Reason: scheduler-close
2024-08-09 07:47:17,902 - distributed.worker - INFO - Stopping worker at tcp://10.34.59.4:42062. Reason: scheduler-close
2024-08-09 07:47:17,902 - distributed.worker - INFO - Stopping worker at tcp://10.34.59.4:33824. Reason: scheduler-close
2024-08-09 07:47:17,902 - distributed.worker - INFO - Stopping worker at tcp://10.34.59.4:44698. Reason: scheduler-close
2024-08-09 07:47:17,902 - distributed.worker - INFO - Stopping worker at tcp://10.34.59.4:46548. Reason: scheduler-close
2024-08-09 07:47:17,902 - distributed.worker - INFO - Stopping worker at tcp://10.34.59.4:36267. Reason: scheduler-close
2024-08-09 07:47:17,902 - distributed.worker - INFO - Stopping worker at tcp://10.34.59.4:37102. Reason: scheduler-close
2024-08-09 07:47:17,902 - distributed.worker - INFO - Stopping worker at tcp://10.34.59.4:41065. Reason: scheduler-close
2024-08-09 07:47:17,905 - distributed.nanny - INFO - Closing Nanny gracefully at 'tcp://10.34.59.4:37336'. Reason: scheduler-close
2024-08-09 07:47:17,904 - distributed.batched - INFO - Batched Comm Closed <TCP (closed) Worker->Scheduler local=tcp://10.34.59.4:33106 remote=tcp://10.34.59.1:43871>
Traceback (most recent call last):
  File "/users/stud/k/kruret00/.local/lib/python3.10/site-packages/distributed/comm/tcp.py", line 297, in write
    raise StreamClosedError()
tornado.iostream.StreamClosedError: Stream is closed

The above exception was the direct cause of the following exception:

Traceback (most recent call last):
  File "/users/stud/k/kruret00/.local/lib/python3.10/site-packages/distributed/batched.py", line 115, in _background_send
    nbytes = yield coro
  File "/users/stud/k/kruret00/.local/lib/python3.10/site-packages/tornado/gen.py", line 767, in run
    value = future.result()
  File "/users/stud/k/kruret00/.local/lib/python3.10/site-packages/distributed/comm/tcp.py", line 307, in write
    convert_stream_closed_error(self, e)
  File "/users/stud/k/kruret00/.local/lib/python3.10/site-packages/distributed/comm/tcp.py", line 142, in convert_stream_closed_error
    raise CommClosedError(f"in {obj}: {exc}") from exc
distributed.comm.core.CommClosedError: in <TCP (closed) Worker->Scheduler local=tcp://10.34.59.4:33106 remote=tcp://10.34.59.1:43871>: Stream is closed
2024-08-09 07:47:17,907 - distributed.nanny - INFO - Closing Nanny gracefully at 'tcp://10.34.59.4:36742'. Reason: scheduler-close
2024-08-09 07:47:17,907 - distributed.nanny - INFO - Closing Nanny gracefully at 'tcp://10.34.59.4:41530'. Reason: scheduler-close
2024-08-09 07:47:17,907 - distributed.nanny - INFO - Closing Nanny gracefully at 'tcp://10.34.59.4:42606'. Reason: scheduler-close
2024-08-09 07:47:17,907 - distributed.core - INFO - Received 'close-stream' from tcp://10.34.59.1:43871; closing.
2024-08-09 07:47:17,907 - distributed.nanny - INFO - Worker closed
2024-08-09 07:47:17,909 - distributed.core - INFO - Received 'close-stream' from tcp://10.34.59.1:43871; closing.
2024-08-09 07:47:17,909 - distributed.nanny - INFO - Closing Nanny gracefully at 'tcp://10.34.59.4:33209'. Reason: scheduler-close
2024-08-09 07:47:17,909 - distributed.nanny - INFO - Worker closed
2024-08-09 07:47:17,910 - distributed.nanny - INFO - Closing Nanny gracefully at 'tcp://10.34.59.4:36362'. Reason: scheduler-close
2024-08-09 07:47:17,910 - distributed.core - INFO - Received 'close-stream' from tcp://10.34.59.1:43871; closing.
2024-08-09 07:47:17,910 - distributed.nanny - INFO - Worker closed
2024-08-09 07:47:17,910 - distributed.core - INFO - Received 'close-stream' from tcp://10.34.59.1:43871; closing.
2024-08-09 07:47:17,910 - distributed.nanny - INFO - Closing Nanny gracefully at 'tcp://10.34.59.4:42962'. Reason: scheduler-close
2024-08-09 07:47:17,910 - distributed.nanny - INFO - Worker closed
2024-08-09 07:47:17,910 - distributed.nanny - INFO - Closing Nanny gracefully at 'tcp://10.34.59.4:38085'. Reason: scheduler-close
2024-08-09 07:47:17,912 - distributed.core - INFO - Received 'close-stream' from tcp://10.34.59.1:43871; closing.
2024-08-09 07:47:17,912 - distributed.nanny - INFO - Worker closed
2024-08-09 07:47:17,913 - distributed.core - INFO - Received 'close-stream' from tcp://10.34.59.1:43871; closing.
2024-08-09 07:47:17,913 - distributed.nanny - INFO - Worker closed
2024-08-09 07:47:17,913 - distributed.core - INFO - Received 'close-stream' from tcp://10.34.59.1:43871; closing.
2024-08-09 07:47:17,914 - distributed.nanny - INFO - Worker closed
2024-08-09 07:47:17,914 - distributed.core - INFO - Received 'close-stream' from tcp://10.34.59.1:43871; closing.
2024-08-09 07:47:17,915 - distributed.nanny - INFO - Worker closed
