2024-08-09 07:20:54,656 - distributed.nanny - INFO -         Start Nanny at: 'tcp://10.34.59.2:41074'
2024-08-09 07:20:54,657 - distributed.nanny - INFO -         Start Nanny at: 'tcp://10.34.59.2:36062'
2024-08-09 07:20:54,662 - distributed.nanny - INFO -         Start Nanny at: 'tcp://10.34.59.2:39443'
2024-08-09 07:20:54,665 - distributed.nanny - INFO -         Start Nanny at: 'tcp://10.34.59.2:43860'
2024-08-09 07:20:54,666 - distributed.nanny - INFO -         Start Nanny at: 'tcp://10.34.59.2:45358'
2024-08-09 07:20:54,670 - distributed.nanny - INFO -         Start Nanny at: 'tcp://10.34.59.2:39007'
2024-08-09 07:20:54,671 - distributed.nanny - INFO -         Start Nanny at: 'tcp://10.34.59.2:43953'
2024-08-09 07:20:54,671 - distributed.nanny - INFO -         Start Nanny at: 'tcp://10.34.59.2:38622'
2024-08-09 07:20:55,261 - distributed.diskutils - INFO - Found stale lock file and directory '/tmp/dask-scratch-space/worker-pbd6bysd', purging
2024-08-09 07:20:55,261 - distributed.diskutils - INFO - Found stale lock file and directory '/tmp/dask-scratch-space/worker-3e74e33a', purging
2024-08-09 07:20:55,261 - distributed.diskutils - INFO - Found stale lock file and directory '/tmp/dask-scratch-space/worker-y0i4y8bg', purging
2024-08-09 07:20:55,261 - distributed.diskutils - INFO - Found stale lock file and directory '/tmp/dask-scratch-space/worker-q6l904ts', purging
2024-08-09 07:20:55,261 - distributed.diskutils - INFO - Found stale lock file and directory '/tmp/dask-scratch-space/worker-mh1fyz63', purging
2024-08-09 07:20:55,262 - distributed.diskutils - INFO - Found stale lock file and directory '/tmp/dask-scratch-space/worker-h8178jjc', purging
2024-08-09 07:20:55,262 - distributed.diskutils - INFO - Found stale lock file and directory '/tmp/dask-scratch-space/worker-6sl4ixsu', purging
2024-08-09 07:20:55,262 - distributed.diskutils - INFO - Found stale lock file and directory '/tmp/dask-scratch-space/worker-qg33pbix', purging
2024-08-09 07:20:55,749 - distributed.worker - INFO -       Start worker at:     tcp://10.34.59.2:35120
2024-08-09 07:20:55,749 - distributed.worker - INFO -          Listening to:     tcp://10.34.59.2:35120
2024-08-09 07:20:55,749 - distributed.worker - INFO -           Worker name:           SLURMCluster-0-1
2024-08-09 07:20:55,749 - distributed.worker - INFO -          dashboard at:           10.34.59.2:33114
2024-08-09 07:20:55,749 - distributed.worker - INFO - Waiting to connect to:     tcp://10.34.59.1:34289
2024-08-09 07:20:55,749 - distributed.worker - INFO - -------------------------------------------------
2024-08-09 07:20:55,749 - distributed.worker - INFO -               Threads:                          1
2024-08-09 07:20:55,749 - distributed.worker - INFO -                Memory:                   1.86 GiB
2024-08-09 07:20:55,749 - distributed.worker - INFO -       Local Directory: /tmp/dask-scratch-space/worker-x_8x5mfs
2024-08-09 07:20:55,749 - distributed.worker - INFO - -------------------------------------------------
2024-08-09 07:20:55,752 - distributed.worker - INFO -       Start worker at:     tcp://10.34.59.2:37450
2024-08-09 07:20:55,752 - distributed.worker - INFO -       Start worker at:     tcp://10.34.59.2:43745
2024-08-09 07:20:55,752 - distributed.worker - INFO -          Listening to:     tcp://10.34.59.2:37450
2024-08-09 07:20:55,752 - distributed.worker - INFO -           Worker name:           SLURMCluster-0-0
2024-08-09 07:20:55,752 - distributed.worker - INFO -          Listening to:     tcp://10.34.59.2:43745
2024-08-09 07:20:55,752 - distributed.worker - INFO -          dashboard at:           10.34.59.2:40735
2024-08-09 07:20:55,752 - distributed.worker - INFO -           Worker name:           SLURMCluster-0-2
2024-08-09 07:20:55,752 - distributed.worker - INFO - Waiting to connect to:     tcp://10.34.59.1:34289
2024-08-09 07:20:55,752 - distributed.worker - INFO -          dashboard at:           10.34.59.2:38023
2024-08-09 07:20:55,752 - distributed.worker - INFO - -------------------------------------------------
2024-08-09 07:20:55,752 - distributed.worker - INFO - Waiting to connect to:     tcp://10.34.59.1:34289
2024-08-09 07:20:55,752 - distributed.worker - INFO -               Threads:                          1
2024-08-09 07:20:55,752 - distributed.worker - INFO - -------------------------------------------------
2024-08-09 07:20:55,752 - distributed.worker - INFO -                Memory:                   1.86 GiB
2024-08-09 07:20:55,752 - distributed.worker - INFO -               Threads:                          1
2024-08-09 07:20:55,753 - distributed.worker - INFO -       Local Directory: /tmp/dask-scratch-space/worker-ibroysoj
2024-08-09 07:20:55,753 - distributed.worker - INFO -                Memory:                   1.86 GiB
2024-08-09 07:20:55,753 - distributed.worker - INFO -       Local Directory: /tmp/dask-scratch-space/worker-1uwzoxnr
2024-08-09 07:20:55,753 - distributed.worker - INFO - -------------------------------------------------
2024-08-09 07:20:55,753 - distributed.worker - INFO - -------------------------------------------------
2024-08-09 07:20:55,753 - distributed.worker - INFO -       Start worker at:     tcp://10.34.59.2:46562
2024-08-09 07:20:55,753 - distributed.worker - INFO -          Listening to:     tcp://10.34.59.2:46562
2024-08-09 07:20:55,753 - distributed.worker - INFO -           Worker name:           SLURMCluster-0-4
2024-08-09 07:20:55,753 - distributed.worker - INFO -          dashboard at:           10.34.59.2:35543
2024-08-09 07:20:55,753 - distributed.worker - INFO - Waiting to connect to:     tcp://10.34.59.1:34289
2024-08-09 07:20:55,754 - distributed.worker - INFO - -------------------------------------------------
2024-08-09 07:20:55,754 - distributed.worker - INFO -               Threads:                          1
2024-08-09 07:20:55,754 - distributed.worker - INFO -                Memory:                   1.86 GiB
2024-08-09 07:20:55,754 - distributed.worker - INFO -       Local Directory: /tmp/dask-scratch-space/worker-1znyjrsh
2024-08-09 07:20:55,754 - distributed.worker - INFO - -------------------------------------------------
2024-08-09 07:20:55,754 - distributed.worker - INFO -       Start worker at:     tcp://10.34.59.2:36393
2024-08-09 07:20:55,754 - distributed.worker - INFO -          Listening to:     tcp://10.34.59.2:36393
2024-08-09 07:20:55,754 - distributed.worker - INFO -           Worker name:           SLURMCluster-0-3
2024-08-09 07:20:55,754 - distributed.worker - INFO -          dashboard at:           10.34.59.2:38164
2024-08-09 07:20:55,754 - distributed.worker - INFO - Waiting to connect to:     tcp://10.34.59.1:34289
2024-08-09 07:20:55,755 - distributed.worker - INFO - -------------------------------------------------
2024-08-09 07:20:55,755 - distributed.worker - INFO -               Threads:                          1
2024-08-09 07:20:55,755 - distributed.worker - INFO -                Memory:                   1.86 GiB
2024-08-09 07:20:55,755 - distributed.worker - INFO -       Local Directory: /tmp/dask-scratch-space/worker-lx6go6x8
2024-08-09 07:20:55,755 - distributed.worker - INFO - -------------------------------------------------
2024-08-09 07:20:55,755 - distributed.worker - INFO -       Start worker at:     tcp://10.34.59.2:40648
2024-08-09 07:20:55,755 - distributed.worker - INFO -          Listening to:     tcp://10.34.59.2:40648
2024-08-09 07:20:55,755 - distributed.worker - INFO -           Worker name:           SLURMCluster-0-6
2024-08-09 07:20:55,755 - distributed.worker - INFO -       Start worker at:     tcp://10.34.59.2:39544
2024-08-09 07:20:55,755 - distributed.worker - INFO -          dashboard at:           10.34.59.2:36874
2024-08-09 07:20:55,756 - distributed.worker - INFO - Waiting to connect to:     tcp://10.34.59.1:34289
2024-08-09 07:20:55,756 - distributed.worker - INFO -          Listening to:     tcp://10.34.59.2:39544
2024-08-09 07:20:55,756 - distributed.worker - INFO - -------------------------------------------------
2024-08-09 07:20:55,756 - distributed.worker - INFO -           Worker name:           SLURMCluster-0-7
2024-08-09 07:20:55,756 - distributed.worker - INFO -       Start worker at:     tcp://10.34.59.2:38472
2024-08-09 07:20:55,756 - distributed.worker - INFO -               Threads:                          1
2024-08-09 07:20:55,756 - distributed.worker - INFO -          dashboard at:           10.34.59.2:46707
2024-08-09 07:20:55,756 - distributed.worker - INFO -                Memory:                   1.86 GiB
2024-08-09 07:20:55,756 - distributed.worker - INFO -          Listening to:     tcp://10.34.59.2:38472
2024-08-09 07:20:55,756 - distributed.worker - INFO - Waiting to connect to:     tcp://10.34.59.1:34289
2024-08-09 07:20:55,756 - distributed.worker - INFO -       Local Directory: /tmp/dask-scratch-space/worker-09imupmc
2024-08-09 07:20:55,756 - distributed.worker - INFO -           Worker name:           SLURMCluster-0-5
2024-08-09 07:20:55,757 - distributed.worker - INFO - -------------------------------------------------
2024-08-09 07:20:55,757 - distributed.worker - INFO -               Threads:                          1
2024-08-09 07:20:55,757 - distributed.worker - INFO - -------------------------------------------------
2024-08-09 07:20:55,757 - distributed.worker - INFO -          dashboard at:           10.34.59.2:40731
2024-08-09 07:20:55,757 - distributed.worker - INFO -                Memory:                   1.86 GiB
2024-08-09 07:20:55,757 - distributed.worker - INFO - Waiting to connect to:     tcp://10.34.59.1:34289
2024-08-09 07:20:55,757 - distributed.worker - INFO -       Local Directory: /tmp/dask-scratch-space/worker-vy014sti
2024-08-09 07:20:55,757 - distributed.worker - INFO - -------------------------------------------------
2024-08-09 07:20:55,757 - distributed.worker - INFO -               Threads:                          1
2024-08-09 07:20:55,757 - distributed.worker - INFO - -------------------------------------------------
2024-08-09 07:20:55,757 - distributed.worker - INFO -                Memory:                   1.86 GiB
2024-08-09 07:20:55,757 - distributed.worker - INFO -       Local Directory: /tmp/dask-scratch-space/worker-pqorijjm
2024-08-09 07:20:55,757 - distributed.worker - INFO - -------------------------------------------------
2024-08-09 07:20:56,116 - distributed.worker - INFO - Starting Worker plugin shuffle
2024-08-09 07:20:56,117 - distributed.worker - INFO -         Registered to:     tcp://10.34.59.1:34289
2024-08-09 07:20:56,117 - distributed.worker - INFO - -------------------------------------------------
2024-08-09 07:20:56,117 - distributed.core - INFO - Starting established connection to tcp://10.34.59.1:34289
2024-08-09 07:20:56,118 - distributed.worker - INFO - Starting Worker plugin shuffle
2024-08-09 07:20:56,118 - distributed.worker - INFO -         Registered to:     tcp://10.34.59.1:34289
2024-08-09 07:20:56,118 - distributed.worker - INFO - -------------------------------------------------
2024-08-09 07:20:56,118 - distributed.worker - INFO - Starting Worker plugin shuffle
2024-08-09 07:20:56,118 - distributed.core - INFO - Starting established connection to tcp://10.34.59.1:34289
2024-08-09 07:20:56,119 - distributed.worker - INFO -         Registered to:     tcp://10.34.59.1:34289
2024-08-09 07:20:56,119 - distributed.worker - INFO - -------------------------------------------------
2024-08-09 07:20:56,119 - distributed.worker - INFO - Starting Worker plugin shuffle
2024-08-09 07:20:56,119 - distributed.core - INFO - Starting established connection to tcp://10.34.59.1:34289
2024-08-09 07:20:56,120 - distributed.worker - INFO -         Registered to:     tcp://10.34.59.1:34289
2024-08-09 07:20:56,120 - distributed.worker - INFO - -------------------------------------------------
2024-08-09 07:20:56,120 - distributed.worker - INFO - Starting Worker plugin shuffle
2024-08-09 07:20:56,120 - distributed.core - INFO - Starting established connection to tcp://10.34.59.1:34289
2024-08-09 07:20:56,120 - distributed.worker - INFO -         Registered to:     tcp://10.34.59.1:34289
2024-08-09 07:20:56,121 - distributed.worker - INFO - -------------------------------------------------
2024-08-09 07:20:56,121 - distributed.core - INFO - Starting established connection to tcp://10.34.59.1:34289
2024-08-09 07:20:56,121 - distributed.worker - INFO - Starting Worker plugin shuffle
2024-08-09 07:20:56,122 - distributed.worker - INFO -         Registered to:     tcp://10.34.59.1:34289
2024-08-09 07:20:56,122 - distributed.worker - INFO - -------------------------------------------------
2024-08-09 07:20:56,122 - distributed.core - INFO - Starting established connection to tcp://10.34.59.1:34289
2024-08-09 07:20:56,135 - distributed.worker - INFO - Starting Worker plugin shuffle
2024-08-09 07:20:56,135 - distributed.worker - INFO -         Registered to:     tcp://10.34.59.1:34289
2024-08-09 07:20:56,135 - distributed.worker - INFO - -------------------------------------------------
2024-08-09 07:20:56,136 - distributed.core - INFO - Starting established connection to tcp://10.34.59.1:34289
2024-08-09 07:20:56,136 - distributed.worker - INFO - Starting Worker plugin shuffle
2024-08-09 07:20:56,137 - distributed.worker - INFO -         Registered to:     tcp://10.34.59.1:34289
2024-08-09 07:20:56,137 - distributed.worker - INFO - -------------------------------------------------
2024-08-09 07:20:56,137 - distributed.core - INFO - Starting established connection to tcp://10.34.59.1:34289
2024-08-09 07:21:32,134 - distributed.worker - INFO - Stopping worker at tcp://10.34.59.2:35120. Reason: scheduler-close
2024-08-09 07:21:32,134 - distributed.worker - INFO - Stopping worker at tcp://10.34.59.2:36393. Reason: scheduler-close
slurmstepd: error: *** JOB 2331150 ON cl-node002 CANCELLED AT 2024-08-09T07:21:32 ***
2024-08-09 07:21:32,134 - distributed.worker - INFO - Stopping worker at tcp://10.34.59.2:38472. Reason: scheduler-close
2024-08-09 07:21:32,134 - distributed.worker - INFO - Stopping worker at tcp://10.34.59.2:40648. Reason: scheduler-close
2024-08-09 07:21:32,134 - distributed.worker - INFO - Stopping worker at tcp://10.34.59.2:39544. Reason: scheduler-close
2024-08-09 07:21:32,134 - distributed.worker - INFO - Stopping worker at tcp://10.34.59.2:43745. Reason: scheduler-close
2024-08-09 07:21:32,134 - distributed.worker - INFO - Stopping worker at tcp://10.34.59.2:37450. Reason: scheduler-close
2024-08-09 07:21:32,134 - distributed.worker - INFO - Stopping worker at tcp://10.34.59.2:46562. Reason: scheduler-close
2024-08-09 07:21:32,135 - distributed.batched - INFO - Batched Comm Closed <TCP (closed) Worker->Scheduler local=tcp://10.34.59.2:56402 remote=tcp://10.34.59.1:34289>
Traceback (most recent call last):
  File "/users/stud/k/kruret00/.local/lib/python3.10/site-packages/distributed/comm/tcp.py", line 297, in write
    raise StreamClosedError()
tornado.iostream.StreamClosedError: Stream is closed

The above exception was the direct cause of the following exception:

Traceback (most recent call last):
  File "/users/stud/k/kruret00/.local/lib/python3.10/site-packages/distributed/batched.py", line 115, in _background_send
    nbytes = yield coro
  File "/users/stud/k/kruret00/.local/lib/python3.10/site-packages/tornado/gen.py", line 767, in run
    value = future.result()
  File "/users/stud/k/kruret00/.local/lib/python3.10/site-packages/distributed/comm/tcp.py", line 307, in write
    convert_stream_closed_error(self, e)
  File "/users/stud/k/kruret00/.local/lib/python3.10/site-packages/distributed/comm/tcp.py", line 142, in convert_stream_closed_error
    raise CommClosedError(f"in {obj}: {exc}") from exc
distributed.comm.core.CommClosedError: in <TCP (closed) Worker->Scheduler local=tcp://10.34.59.2:56402 remote=tcp://10.34.59.1:34289>: Stream is closed
2024-08-09 07:21:32,135 - distributed.batched - INFO - Batched Comm Closed <TCP (closed) Worker->Scheduler local=tcp://10.34.59.2:56400 remote=tcp://10.34.59.1:34289>
Traceback (most recent call last):
  File "/users/stud/k/kruret00/.local/lib/python3.10/site-packages/distributed/comm/tcp.py", line 297, in write
    raise StreamClosedError()
tornado.iostream.StreamClosedError: Stream is closed

The above exception was the direct cause of the following exception:

Traceback (most recent call last):
  File "/users/stud/k/kruret00/.local/lib/python3.10/site-packages/distributed/batched.py", line 115, in _background_send
    nbytes = yield coro
  File "/users/stud/k/kruret00/.local/lib/python3.10/site-packages/tornado/gen.py", line 767, in run
    value = future.result()
  File "/users/stud/k/kruret00/.local/lib/python3.10/site-packages/distributed/comm/tcp.py", line 307, in write
    convert_stream_closed_error(self, e)
  File "/users/stud/k/kruret00/.local/lib/python3.10/site-packages/distributed/comm/tcp.py", line 142, in convert_stream_closed_error
    raise CommClosedError(f"in {obj}: {exc}") from exc
distributed.comm.core.CommClosedError: in <TCP (closed) Worker->Scheduler local=tcp://10.34.59.2:56400 remote=tcp://10.34.59.1:34289>: Stream is closed
2024-08-09 07:21:32,135 - distributed.batched - INFO - Batched Comm Closed <TCP (closed) Worker->Scheduler local=tcp://10.34.59.2:56404 remote=tcp://10.34.59.1:34289>
Traceback (most recent call last):
  File "/users/stud/k/kruret00/.local/lib/python3.10/site-packages/distributed/comm/tcp.py", line 297, in write
    raise StreamClosedError()
tornado.iostream.StreamClosedError: Stream is closed

The above exception was the direct cause of the following exception:

Traceback (most recent call last):
  File "/users/stud/k/kruret00/.local/lib/python3.10/site-packages/distributed/batched.py", line 115, in _background_send
    nbytes = yield coro
  File "/users/stud/k/kruret00/.local/lib/python3.10/site-packages/tornado/gen.py", line 767, in run
    value = future.result()
  File "/users/stud/k/kruret00/.local/lib/python3.10/site-packages/distributed/comm/tcp.py", line 307, in write
    convert_stream_closed_error(self, e)
  File "/users/stud/k/kruret00/.local/lib/python3.10/site-packages/distributed/comm/tcp.py", line 142, in convert_stream_closed_error
    raise CommClosedError(f"in {obj}: {exc}") from exc
distributed.comm.core.CommClosedError: in <TCP (closed) Worker->Scheduler local=tcp://10.34.59.2:56404 remote=tcp://10.34.59.1:34289>: Stream is closed
2024-08-09 07:21:32,135 - distributed.batched - INFO - Batched Comm Closed <TCP (closed) Worker->Scheduler local=tcp://10.34.59.2:56406 remote=tcp://10.34.59.1:34289>
Traceback (most recent call last):
  File "/users/stud/k/kruret00/.local/lib/python3.10/site-packages/distributed/comm/tcp.py", line 297, in write
    raise StreamClosedError()
tornado.iostream.StreamClosedError: Stream is closed

The above exception was the direct cause of the following exception:

Traceback (most recent call last):
  File "/users/stud/k/kruret00/.local/lib/python3.10/site-packages/distributed/batched.py", line 115, in _background_send
    nbytes = yield coro
  File "/users/stud/k/kruret00/.local/lib/python3.10/site-packages/tornado/gen.py", line 767, in run
    value = future.result()
  File "/users/stud/k/kruret00/.local/lib/python3.10/site-packages/distributed/comm/tcp.py", line 307, in write
    convert_stream_closed_error(self, e)
  File "/users/stud/k/kruret00/.local/lib/python3.10/site-packages/distributed/comm/tcp.py", line 142, in convert_stream_closed_error
    raise CommClosedError(f"in {obj}: {exc}") from exc
distributed.comm.core.CommClosedError: in <TCP (closed) Worker->Scheduler local=tcp://10.34.59.2:56406 remote=tcp://10.34.59.1:34289>: Stream is closed
2024-08-09 07:21:32,135 - distributed.batched - INFO - Batched Comm Closed <TCP (closed) Worker->Scheduler local=tcp://10.34.59.2:56392 remote=tcp://10.34.59.1:34289>
Traceback (most recent call last):
  File "/users/stud/k/kruret00/.local/lib/python3.10/site-packages/distributed/comm/tcp.py", line 297, in write
    raise StreamClosedError()
tornado.iostream.StreamClosedError: Stream is closed

The above exception was the direct cause of the following exception:

Traceback (most recent call last):
  File "/users/stud/k/kruret00/.local/lib/python3.10/site-packages/distributed/batched.py", line 115, in _background_send
    nbytes = yield coro
  File "/users/stud/k/kruret00/.local/lib/python3.10/site-packages/tornado/gen.py", line 767, in run
    value = future.result()
  File "/users/stud/k/kruret00/.local/lib/python3.10/site-packages/distributed/comm/tcp.py", line 307, in write
    convert_stream_closed_error(self, e)
  File "/users/stud/k/kruret00/.local/lib/python3.10/site-packages/distributed/comm/tcp.py", line 142, in convert_stream_closed_error
    raise CommClosedError(f"in {obj}: {exc}") from exc
distributed.comm.core.CommClosedError: in <TCP (closed) Worker->Scheduler local=tcp://10.34.59.2:56392 remote=tcp://10.34.59.1:34289>: Stream is closed
2024-08-09 07:21:32,136 - distributed.batched - INFO - Batched Comm Closed <TCP (closed) Worker->Scheduler local=tcp://10.34.59.2:56396 remote=tcp://10.34.59.1:34289>
Traceback (most recent call last):
  File "/users/stud/k/kruret00/.local/lib/python3.10/site-packages/distributed/comm/tcp.py", line 297, in write
    raise StreamClosedError()
tornado.iostream.StreamClosedError: Stream is closed

The above exception was the direct cause of the following exception:

Traceback (most recent call last):
  File "/users/stud/k/kruret00/.local/lib/python3.10/site-packages/distributed/batched.py", line 115, in _background_send
    nbytes = yield coro
  File "/users/stud/k/kruret00/.local/lib/python3.10/site-packages/tornado/gen.py", line 767, in run
    value = future.result()
  File "/users/stud/k/kruret00/.local/lib/python3.10/site-packages/distributed/comm/tcp.py", line 307, in write
    convert_stream_closed_error(self, e)
  File "/users/stud/k/kruret00/.local/lib/python3.10/site-packages/distributed/comm/tcp.py", line 142, in convert_stream_closed_error
    raise CommClosedError(f"in {obj}: {exc}") from exc
distributed.comm.core.CommClosedError: in <TCP (closed) Worker->Scheduler local=tcp://10.34.59.2:56396 remote=tcp://10.34.59.1:34289>: Stream is closed
2024-08-09 07:21:32,136 - distributed.batched - INFO - Batched Comm Closed <TCP (closed) Worker->Scheduler local=tcp://10.34.59.2:56394 remote=tcp://10.34.59.1:34289>
Traceback (most recent call last):
  File "/users/stud/k/kruret00/.local/lib/python3.10/site-packages/distributed/comm/tcp.py", line 297, in write
    raise StreamClosedError()
tornado.iostream.StreamClosedError: Stream is closed

The above exception was the direct cause of the following exception:

Traceback (most recent call last):
  File "/users/stud/k/kruret00/.local/lib/python3.10/site-packages/distributed/batched.py", line 115, in _background_send
    nbytes = yield coro
  File "/users/stud/k/kruret00/.local/lib/python3.10/site-packages/tornado/gen.py", line 767, in run
    value = future.result()
  File "/users/stud/k/kruret00/.local/lib/python3.10/site-packages/distributed/comm/tcp.py", line 307, in write
    convert_stream_closed_error(self, e)
  File "/users/stud/k/kruret00/.local/lib/python3.10/site-packages/distributed/comm/tcp.py", line 142, in convert_stream_closed_error
    raise CommClosedError(f"in {obj}: {exc}") from exc
distributed.comm.core.CommClosedError: in <TCP (closed) Worker->Scheduler local=tcp://10.34.59.2:56394 remote=tcp://10.34.59.1:34289>: Stream is closed
2024-08-09 07:21:32,136 - distributed.batched - INFO - Batched Comm Closed <TCP (closed) Worker->Scheduler local=tcp://10.34.59.2:56398 remote=tcp://10.34.59.1:34289>
Traceback (most recent call last):
  File "/users/stud/k/kruret00/.local/lib/python3.10/site-packages/distributed/comm/tcp.py", line 297, in write
    raise StreamClosedError()
tornado.iostream.StreamClosedError: Stream is closed

The above exception was the direct cause of the following exception:

Traceback (most recent call last):
  File "/users/stud/k/kruret00/.local/lib/python3.10/site-packages/distributed/batched.py", line 115, in _background_send
    nbytes = yield coro
  File "/users/stud/k/kruret00/.local/lib/python3.10/site-packages/tornado/gen.py", line 767, in run
    value = future.result()
  File "/users/stud/k/kruret00/.local/lib/python3.10/site-packages/distributed/comm/tcp.py", line 307, in write
    convert_stream_closed_error(self, e)
  File "/users/stud/k/kruret00/.local/lib/python3.10/site-packages/distributed/comm/tcp.py", line 142, in convert_stream_closed_error
    raise CommClosedError(f"in {obj}: {exc}") from exc
distributed.comm.core.CommClosedError: in <TCP (closed) Worker->Scheduler local=tcp://10.34.59.2:56398 remote=tcp://10.34.59.1:34289>: Stream is closed
2024-08-09 07:21:32,139 - distributed.worker - ERROR - Failed to communicate with scheduler during heartbeat.
Traceback (most recent call last):
  File "/users/stud/k/kruret00/.local/lib/python3.10/site-packages/tornado/iostream.py", line 861, in _read_to_buffer
    bytes_read = self.read_from_fd(buf)
  File "/users/stud/k/kruret00/.local/lib/python3.10/site-packages/tornado/iostream.py", line 1116, in read_from_fd
    return self.socket.recv_into(buf, len(buf))
ConnectionResetError: [Errno 104] Connection reset by peer

The above exception was the direct cause of the following exception:

Traceback (most recent call last):
  File "/users/stud/k/kruret00/.local/lib/python3.10/site-packages/distributed/worker.py", line 1252, in heartbeat
    response = await retry_operation(
  File "/users/stud/k/kruret00/.local/lib/python3.10/site-packages/distributed/utils_comm.py", line 452, in retry_operation
    return await retry(
  File "/users/stud/k/kruret00/.local/lib/python3.10/site-packages/distributed/utils_comm.py", line 431, in retry
    return await coro()
  File "/users/stud/k/kruret00/.local/lib/python3.10/site-packages/distributed/core.py", line 1395, in send_recv_from_rpc
    return await send_recv(comm=comm, op=key, **kwargs)
  File "/users/stud/k/kruret00/.local/lib/python3.10/site-packages/distributed/core.py", line 1154, in send_recv
    response = await comm.read(deserializers=deserializers)
  File "/users/stud/k/kruret00/.local/lib/python3.10/site-packages/distributed/comm/tcp.py", line 236, in read
    convert_stream_closed_error(self, e)
  File "/users/stud/k/kruret00/.local/lib/python3.10/site-packages/distributed/comm/tcp.py", line 140, in convert_stream_closed_error
    raise CommClosedError(f"in {obj}: {exc.__class__.__name__}: {exc}") from exc
distributed.comm.core.CommClosedError: in <TCP (closed) ConnectionPool.heartbeat_worker local=tcp://10.34.59.2:56418 remote=tcp://10.34.59.1:34289>: ConnectionResetError: [Errno 104] Connection reset by peer
2024-08-09 07:21:32,139 - distributed.worker - ERROR - Failed to communicate with scheduler during heartbeat.
Traceback (most recent call last):
  File "/users/stud/k/kruret00/.local/lib/python3.10/site-packages/tornado/iostream.py", line 861, in _read_to_buffer
    bytes_read = self.read_from_fd(buf)
  File "/users/stud/k/kruret00/.local/lib/python3.10/site-packages/tornado/iostream.py", line 1116, in read_from_fd
    return self.socket.recv_into(buf, len(buf))
ConnectionResetError: [Errno 104] Connection reset by peer

The above exception was the direct cause of the following exception:

Traceback (most recent call last):
  File "/users/stud/k/kruret00/.local/lib/python3.10/site-packages/distributed/worker.py", line 1252, in heartbeat
    response = await retry_operation(
  File "/users/stud/k/kruret00/.local/lib/python3.10/site-packages/distributed/utils_comm.py", line 452, in retry_operation
    return await retry(
  File "/users/stud/k/kruret00/.local/lib/python3.10/site-packages/distributed/utils_comm.py", line 431, in retry
    return await coro()
  File "/users/stud/k/kruret00/.local/lib/python3.10/site-packages/distributed/core.py", line 1395, in send_recv_from_rpc
    return await send_recv(comm=comm, op=key, **kwargs)
  File "/users/stud/k/kruret00/.local/lib/python3.10/site-packages/distributed/core.py", line 1154, in send_recv
    response = await comm.read(deserializers=deserializers)
  File "/users/stud/k/kruret00/.local/lib/python3.10/site-packages/distributed/comm/tcp.py", line 236, in read
    convert_stream_closed_error(self, e)
  File "/users/stud/k/kruret00/.local/lib/python3.10/site-packages/distributed/comm/tcp.py", line 140, in convert_stream_closed_error
    raise CommClosedError(f"in {obj}: {exc.__class__.__name__}: {exc}") from exc
distributed.comm.core.CommClosedError: in <TCP (closed) ConnectionPool.heartbeat_worker local=tcp://10.34.59.2:56420 remote=tcp://10.34.59.1:34289>: ConnectionResetError: [Errno 104] Connection reset by peer
2024-08-09 07:21:32,140 - distributed.nanny - INFO - Closing Nanny gracefully at 'tcp://10.34.59.2:43860'. Reason: scheduler-close
2024-08-09 07:21:32,143 - distributed.core - INFO - Received 'close-stream' from tcp://10.34.59.1:34289; closing.
2024-08-09 07:21:32,143 - distributed.nanny - INFO - Worker closed
2024-08-09 07:21:32,143 - distributed.nanny - INFO - Closing Nanny gracefully at 'tcp://10.34.59.2:36062'. Reason: scheduler-close
2024-08-09 07:21:32,144 - distributed.nanny - INFO - Closing Nanny gracefully at 'tcp://10.34.59.2:39007'. Reason: scheduler-close
2024-08-09 07:21:32,144 - distributed.nanny - INFO - Closing Nanny gracefully at 'tcp://10.34.59.2:43953'. Reason: scheduler-close
2024-08-09 07:21:32,144 - distributed.nanny - INFO - Closing Nanny gracefully at 'tcp://10.34.59.2:38622'. Reason: scheduler-close
2024-08-09 07:21:32,145 - distributed.nanny - INFO - Closing Nanny gracefully at 'tcp://10.34.59.2:39443'. Reason: scheduler-close
2024-08-09 07:21:32,145 - distributed.nanny - INFO - Closing Nanny gracefully at 'tcp://10.34.59.2:41074'. Reason: scheduler-close
2024-08-09 07:21:32,145 - distributed.core - INFO - Received 'close-stream' from tcp://10.34.59.1:34289; closing.
2024-08-09 07:21:32,146 - distributed.nanny - INFO - Worker closed
2024-08-09 07:21:32,146 - distributed.core - INFO - Received 'close-stream' from tcp://10.34.59.1:34289; closing.
2024-08-09 07:21:32,146 - distributed.nanny - INFO - Worker closed
2024-08-09 07:21:32,146 - distributed.core - INFO - Received 'close-stream' from tcp://10.34.59.1:34289; closing.
2024-08-09 07:21:32,146 - distributed.nanny - INFO - Worker closed
2024-08-09 07:21:32,147 - distributed.core - INFO - Received 'close-stream' from tcp://10.34.59.1:34289; closing.
2024-08-09 07:21:32,147 - distributed.nanny - INFO - Worker closed
2024-08-09 07:21:32,147 - distributed.nanny - INFO - Closing Nanny gracefully at 'tcp://10.34.59.2:45358'. Reason: scheduler-close
2024-08-09 07:21:32,148 - distributed.core - INFO - Received 'close-stream' from tcp://10.34.59.1:34289; closing.
2024-08-09 07:21:32,148 - distributed.nanny - INFO - Worker closed
2024-08-09 07:21:32,148 - distributed.core - INFO - Received 'close-stream' from tcp://10.34.59.1:34289; closing.
2024-08-09 07:21:32,148 - distributed.nanny - INFO - Worker closed
2024-08-09 07:21:32,150 - distributed.core - INFO - Received 'close-stream' from tcp://10.34.59.1:34289; closing.
2024-08-09 07:21:32,150 - distributed.nanny - INFO - Worker closed
