2024-08-09 04:12:25,642 - distributed.nanny - INFO -         Start Nanny at: 'tcp://10.34.59.4:33568'
2024-08-09 04:12:25,642 - distributed.nanny - INFO -         Start Nanny at: 'tcp://10.34.59.4:42291'
2024-08-09 04:12:25,648 - distributed.nanny - INFO -         Start Nanny at: 'tcp://10.34.59.4:46361'
2024-08-09 04:12:25,649 - distributed.nanny - INFO -         Start Nanny at: 'tcp://10.34.59.4:42442'
2024-08-09 04:12:25,649 - distributed.nanny - INFO -         Start Nanny at: 'tcp://10.34.59.4:38593'
2024-08-09 04:12:25,656 - distributed.nanny - INFO -         Start Nanny at: 'tcp://10.34.59.4:41263'
2024-08-09 04:12:25,656 - distributed.nanny - INFO -         Start Nanny at: 'tcp://10.34.59.4:46150'
2024-08-09 04:12:25,657 - distributed.nanny - INFO -         Start Nanny at: 'tcp://10.34.59.4:41802'
2024-08-09 04:12:27,070 - distributed.worker - INFO -       Start worker at:     tcp://10.34.59.4:41791
2024-08-09 04:12:27,070 - distributed.worker - INFO -       Start worker at:     tcp://10.34.59.4:37822
2024-08-09 04:12:27,070 - distributed.worker - INFO -       Start worker at:     tcp://10.34.59.4:44180
2024-08-09 04:12:27,070 - distributed.worker - INFO -       Start worker at:     tcp://10.34.59.4:41946
2024-08-09 04:12:27,070 - distributed.worker - INFO -          Listening to:     tcp://10.34.59.4:41791
2024-08-09 04:12:27,070 - distributed.worker - INFO -          Listening to:     tcp://10.34.59.4:37822
2024-08-09 04:12:27,070 - distributed.worker - INFO -       Start worker at:     tcp://10.34.59.4:33560
2024-08-09 04:12:27,070 - distributed.worker - INFO -          Listening to:     tcp://10.34.59.4:44180
2024-08-09 04:12:27,070 - distributed.worker - INFO -          Listening to:     tcp://10.34.59.4:41946
2024-08-09 04:12:27,070 - distributed.worker - INFO -           Worker name:           SLURMCluster-1-1
2024-08-09 04:12:27,070 - distributed.worker - INFO -       Start worker at:     tcp://10.34.59.4:44986
2024-08-09 04:12:27,070 - distributed.worker - INFO -           Worker name:           SLURMCluster-1-7
2024-08-09 04:12:27,071 - distributed.worker - INFO -           Worker name:           SLURMCluster-1-3
2024-08-09 04:12:27,070 - distributed.worker - INFO -       Start worker at:     tcp://10.34.59.4:33569
2024-08-09 04:12:27,070 - distributed.worker - INFO -       Start worker at:     tcp://10.34.59.4:45204
2024-08-09 04:12:27,071 - distributed.worker - INFO -          Listening to:     tcp://10.34.59.4:33560
2024-08-09 04:12:27,071 - distributed.worker - INFO -           Worker name:           SLURMCluster-1-5
2024-08-09 04:12:27,071 - distributed.worker - INFO -          dashboard at:           10.34.59.4:46196
2024-08-09 04:12:27,071 - distributed.worker - INFO -          dashboard at:           10.34.59.4:40109
2024-08-09 04:12:27,071 - distributed.worker - INFO -          Listening to:     tcp://10.34.59.4:44986
2024-08-09 04:12:27,071 - distributed.worker - INFO -          dashboard at:           10.34.59.4:42474
2024-08-09 04:12:27,071 - distributed.worker - INFO -           Worker name:           SLURMCluster-1-2
2024-08-09 04:12:27,071 - distributed.worker - INFO -          Listening to:     tcp://10.34.59.4:33569
2024-08-09 04:12:27,071 - distributed.worker - INFO - Waiting to connect to:     tcp://10.34.59.1:46355
2024-08-09 04:12:27,071 - distributed.worker - INFO -          dashboard at:           10.34.59.4:45985
2024-08-09 04:12:27,071 - distributed.worker - INFO -          Listening to:     tcp://10.34.59.4:45204
2024-08-09 04:12:27,071 - distributed.worker - INFO - Waiting to connect to:     tcp://10.34.59.1:46355
2024-08-09 04:12:27,071 - distributed.worker - INFO -           Worker name:           SLURMCluster-1-4
2024-08-09 04:12:27,071 - distributed.worker - INFO - Waiting to connect to:     tcp://10.34.59.1:46355
2024-08-09 04:12:27,071 - distributed.worker - INFO - -------------------------------------------------
2024-08-09 04:12:27,071 - distributed.worker - INFO -           Worker name:           SLURMCluster-1-6
2024-08-09 04:12:27,071 - distributed.worker - INFO -          dashboard at:           10.34.59.4:35906
2024-08-09 04:12:27,071 - distributed.worker - INFO - -------------------------------------------------
2024-08-09 04:12:27,071 - distributed.worker - INFO - Waiting to connect to:     tcp://10.34.59.1:46355
2024-08-09 04:12:27,071 - distributed.worker - INFO -           Worker name:           SLURMCluster-1-0
2024-08-09 04:12:27,071 - distributed.worker - INFO - -------------------------------------------------
2024-08-09 04:12:27,071 - distributed.worker - INFO -          dashboard at:           10.34.59.4:44056
2024-08-09 04:12:27,071 - distributed.worker - INFO -               Threads:                          1
2024-08-09 04:12:27,071 - distributed.worker - INFO -          dashboard at:           10.34.59.4:35714
2024-08-09 04:12:27,071 - distributed.worker - INFO -               Threads:                          1
2024-08-09 04:12:27,071 - distributed.worker - INFO - -------------------------------------------------
2024-08-09 04:12:27,071 - distributed.worker - INFO - Waiting to connect to:     tcp://10.34.59.1:46355
2024-08-09 04:12:27,071 - distributed.worker - INFO -               Threads:                          1
2024-08-09 04:12:27,071 - distributed.worker - INFO -          dashboard at:           10.34.59.4:40952
2024-08-09 04:12:27,071 - distributed.worker - INFO - Waiting to connect to:     tcp://10.34.59.1:46355
2024-08-09 04:12:27,071 - distributed.worker - INFO -                Memory:                   1.86 GiB
2024-08-09 04:12:27,071 - distributed.worker - INFO - -------------------------------------------------
2024-08-09 04:12:27,071 - distributed.worker - INFO -               Threads:                          1
2024-08-09 04:12:27,071 - distributed.worker - INFO - Waiting to connect to:     tcp://10.34.59.1:46355
2024-08-09 04:12:27,071 - distributed.worker - INFO -                Memory:                   1.86 GiB
2024-08-09 04:12:27,071 - distributed.worker - INFO -                Memory:                   1.86 GiB
2024-08-09 04:12:27,071 - distributed.worker - INFO - -------------------------------------------------
2024-08-09 04:12:27,071 - distributed.worker - INFO - Waiting to connect to:     tcp://10.34.59.1:46355
2024-08-09 04:12:27,071 - distributed.worker - INFO -       Local Directory: /tmp/dask-scratch-space/worker-yuiq4o5e
2024-08-09 04:12:27,071 - distributed.worker - INFO -               Threads:                          1
2024-08-09 04:12:27,071 - distributed.worker - INFO - -------------------------------------------------
2024-08-09 04:12:27,071 - distributed.worker - INFO -       Local Directory: /tmp/dask-scratch-space/worker-na8e0hxr
2024-08-09 04:12:27,071 - distributed.worker - INFO -                Memory:                   1.86 GiB
2024-08-09 04:12:27,071 - distributed.worker - INFO -       Local Directory: /tmp/dask-scratch-space/worker-h3q0d4mi
2024-08-09 04:12:27,071 - distributed.worker - INFO -               Threads:                          1
2024-08-09 04:12:27,071 - distributed.worker - INFO - -------------------------------------------------
2024-08-09 04:12:27,071 - distributed.worker - INFO -               Threads:                          1
2024-08-09 04:12:27,071 - distributed.worker - INFO -                Memory:                   1.86 GiB
2024-08-09 04:12:27,071 - distributed.worker - INFO -       Local Directory: /tmp/dask-scratch-space/worker-_xbr7m7s
2024-08-09 04:12:27,071 - distributed.worker - INFO -               Threads:                          1
2024-08-09 04:12:27,071 - distributed.worker - INFO - -------------------------------------------------
2024-08-09 04:12:27,071 - distributed.worker - INFO -                Memory:                   1.86 GiB
2024-08-09 04:12:27,071 - distributed.worker - INFO - -------------------------------------------------
2024-08-09 04:12:27,071 - distributed.worker - INFO - -------------------------------------------------
2024-08-09 04:12:27,071 - distributed.worker - INFO -       Local Directory: /tmp/dask-scratch-space/worker-9ukcp34g
2024-08-09 04:12:27,071 - distributed.worker - INFO -                Memory:                   1.86 GiB
2024-08-09 04:12:27,071 - distributed.worker - INFO -       Local Directory: /tmp/dask-scratch-space/worker-7gdt_giw
2024-08-09 04:12:27,071 - distributed.worker - INFO -                Memory:                   1.86 GiB
2024-08-09 04:12:27,071 - distributed.worker - INFO - -------------------------------------------------
2024-08-09 04:12:27,071 - distributed.worker - INFO -       Local Directory: /tmp/dask-scratch-space/worker-raurzuzb
2024-08-09 04:12:27,071 - distributed.worker - INFO -       Local Directory: /tmp/dask-scratch-space/worker-lo08fld0
2024-08-09 04:12:27,071 - distributed.worker - INFO - -------------------------------------------------
2024-08-09 04:12:27,071 - distributed.worker - INFO - -------------------------------------------------
2024-08-09 04:12:27,071 - distributed.worker - INFO - -------------------------------------------------
2024-08-09 04:12:27,071 - distributed.worker - INFO - -------------------------------------------------
2024-08-09 04:12:27,445 - distributed.worker - INFO - Starting Worker plugin shuffle
2024-08-09 04:12:27,446 - distributed.worker - INFO -         Registered to:     tcp://10.34.59.1:46355
2024-08-09 04:12:27,446 - distributed.worker - INFO - -------------------------------------------------
2024-08-09 04:12:27,446 - distributed.core - INFO - Starting established connection to tcp://10.34.59.1:46355
2024-08-09 04:12:27,452 - distributed.worker - INFO - Starting Worker plugin shuffle
2024-08-09 04:12:27,453 - distributed.worker - INFO -         Registered to:     tcp://10.34.59.1:46355
2024-08-09 04:12:27,453 - distributed.worker - INFO - Starting Worker plugin shuffle
2024-08-09 04:12:27,453 - distributed.worker - INFO - -------------------------------------------------
2024-08-09 04:12:27,453 - distributed.core - INFO - Starting established connection to tcp://10.34.59.1:46355
2024-08-09 04:12:27,453 - distributed.worker - INFO -         Registered to:     tcp://10.34.59.1:46355
2024-08-09 04:12:27,453 - distributed.worker - INFO - -------------------------------------------------
2024-08-09 04:12:27,454 - distributed.core - INFO - Starting established connection to tcp://10.34.59.1:46355
2024-08-09 04:12:27,454 - distributed.worker - INFO - Starting Worker plugin shuffle
2024-08-09 04:12:27,454 - distributed.worker - INFO -         Registered to:     tcp://10.34.59.1:46355
2024-08-09 04:12:27,455 - distributed.worker - INFO - -------------------------------------------------
2024-08-09 04:12:27,455 - distributed.core - INFO - Starting established connection to tcp://10.34.59.1:46355
2024-08-09 04:12:27,461 - distributed.worker - INFO - Starting Worker plugin shuffle
2024-08-09 04:12:27,462 - distributed.worker - INFO -         Registered to:     tcp://10.34.59.1:46355
2024-08-09 04:12:27,462 - distributed.worker - INFO - -------------------------------------------------
2024-08-09 04:12:27,462 - distributed.core - INFO - Starting established connection to tcp://10.34.59.1:46355
2024-08-09 04:12:27,466 - distributed.worker - INFO - Starting Worker plugin shuffle
2024-08-09 04:12:27,467 - distributed.worker - INFO -         Registered to:     tcp://10.34.59.1:46355
2024-08-09 04:12:27,467 - distributed.worker - INFO - -------------------------------------------------
2024-08-09 04:12:27,467 - distributed.core - INFO - Starting established connection to tcp://10.34.59.1:46355
2024-08-09 04:12:27,474 - distributed.worker - INFO - Starting Worker plugin shuffle
2024-08-09 04:12:27,475 - distributed.worker - INFO -         Registered to:     tcp://10.34.59.1:46355
2024-08-09 04:12:27,475 - distributed.worker - INFO - -------------------------------------------------
2024-08-09 04:12:27,475 - distributed.worker - INFO - Starting Worker plugin shuffle
2024-08-09 04:12:27,475 - distributed.core - INFO - Starting established connection to tcp://10.34.59.1:46355
2024-08-09 04:12:27,476 - distributed.worker - INFO -         Registered to:     tcp://10.34.59.1:46355
2024-08-09 04:12:27,476 - distributed.worker - INFO - -------------------------------------------------
2024-08-09 04:12:27,476 - distributed.core - INFO - Starting established connection to tcp://10.34.59.1:46355
slurmstepd: error: *** JOB 2328871 ON cl-node004 CANCELLED AT 2024-08-09T04:12:35 ***
2024-08-09 04:12:35,463 - distributed.worker - INFO - Stopping worker at tcp://10.34.59.4:33569. Reason: scheduler-close
2024-08-09 04:12:35,463 - distributed.worker - INFO - Stopping worker at tcp://10.34.59.4:41946. Reason: scheduler-close
2024-08-09 04:12:35,463 - distributed.worker - INFO - Stopping worker at tcp://10.34.59.4:41791. Reason: scheduler-close
2024-08-09 04:12:35,463 - distributed.worker - INFO - Stopping worker at tcp://10.34.59.4:44180. Reason: scheduler-close
2024-08-09 04:12:35,463 - distributed.worker - INFO - Stopping worker at tcp://10.34.59.4:37822. Reason: scheduler-close
2024-08-09 04:12:35,463 - distributed.worker - INFO - Stopping worker at tcp://10.34.59.4:33560. Reason: scheduler-close
2024-08-09 04:12:35,463 - distributed.worker - INFO - Stopping worker at tcp://10.34.59.4:44986. Reason: scheduler-close
2024-08-09 04:12:35,463 - distributed.worker - INFO - Stopping worker at tcp://10.34.59.4:45204. Reason: scheduler-close
2024-08-09 04:12:35,465 - distributed.nanny - INFO - Closing Nanny gracefully at 'tcp://10.34.59.4:46150'. Reason: scheduler-close
2024-08-09 04:12:35,467 - distributed.nanny - INFO - Closing Nanny gracefully at 'tcp://10.34.59.4:41263'. Reason: scheduler-close
2024-08-09 04:12:35,467 - distributed.core - INFO - Received 'close-stream' from tcp://10.34.59.1:46355; closing.
2024-08-09 04:12:35,467 - distributed.nanny - INFO - Worker closed
2024-08-09 04:12:35,467 - distributed.nanny - INFO - Closing Nanny gracefully at 'tcp://10.34.59.4:42291'. Reason: scheduler-close
2024-08-09 04:12:35,466 - distributed.batched - INFO - Batched Comm Closed <TCP (closed) Worker->Scheduler local=tcp://10.34.59.4:37400 remote=tcp://10.34.59.1:46355>
Traceback (most recent call last):
  File "/users/stud/k/kruret00/.local/lib/python3.10/site-packages/distributed/comm/tcp.py", line 297, in write
    raise StreamClosedError()
tornado.iostream.StreamClosedError: Stream is closed

The above exception was the direct cause of the following exception:

Traceback (most recent call last):
  File "/users/stud/k/kruret00/.local/lib/python3.10/site-packages/distributed/batched.py", line 115, in _background_send
    nbytes = yield coro
  File "/users/stud/k/kruret00/.local/lib/python3.10/site-packages/tornado/gen.py", line 767, in run
    value = future.result()
  File "/users/stud/k/kruret00/.local/lib/python3.10/site-packages/distributed/comm/tcp.py", line 307, in write
    convert_stream_closed_error(self, e)
  File "/users/stud/k/kruret00/.local/lib/python3.10/site-packages/distributed/comm/tcp.py", line 142, in convert_stream_closed_error
    raise CommClosedError(f"in {obj}: {exc}") from exc
distributed.comm.core.CommClosedError: in <TCP (closed) Worker->Scheduler local=tcp://10.34.59.4:37400 remote=tcp://10.34.59.1:46355>: Stream is closed
2024-08-09 04:12:35,468 - distributed.nanny - INFO - Closing Nanny gracefully at 'tcp://10.34.59.4:42442'. Reason: scheduler-close
2024-08-09 04:12:35,468 - distributed.nanny - INFO - Closing Nanny gracefully at 'tcp://10.34.59.4:41802'. Reason: scheduler-close
2024-08-09 04:12:35,469 - distributed.core - INFO - Received 'close-stream' from tcp://10.34.59.1:46355; closing.
2024-08-09 04:12:35,469 - distributed.nanny - INFO - Worker closed
2024-08-09 04:12:35,469 - distributed.core - INFO - Received 'close-stream' from tcp://10.34.59.1:46355; closing.
2024-08-09 04:12:35,469 - distributed.nanny - INFO - Closing Nanny gracefully at 'tcp://10.34.59.4:46361'. Reason: scheduler-close
2024-08-09 04:12:35,469 - distributed.nanny - INFO - Worker closed
2024-08-09 04:12:35,470 - distributed.core - INFO - Received 'close-stream' from tcp://10.34.59.1:46355; closing.
2024-08-09 04:12:35,470 - distributed.nanny - INFO - Worker closed
2024-08-09 04:12:35,470 - distributed.nanny - INFO - Closing Nanny gracefully at 'tcp://10.34.59.4:38593'. Reason: scheduler-close
2024-08-09 04:12:35,471 - distributed.nanny - INFO - Closing Nanny gracefully at 'tcp://10.34.59.4:33568'. Reason: scheduler-close
2024-08-09 04:12:35,470 - distributed.worker - ERROR - Failed to communicate with scheduler during heartbeat.
Traceback (most recent call last):
  File "/users/stud/k/kruret00/.local/lib/python3.10/site-packages/distributed/comm/tcp.py", line 225, in read
    frames_nosplit_nbytes_bin = await stream.read_bytes(fmt_size)
tornado.iostream.StreamClosedError: Stream is closed

The above exception was the direct cause of the following exception:

Traceback (most recent call last):
  File "/users/stud/k/kruret00/.local/lib/python3.10/site-packages/distributed/worker.py", line 1252, in heartbeat
    response = await retry_operation(
  File "/users/stud/k/kruret00/.local/lib/python3.10/site-packages/distributed/utils_comm.py", line 452, in retry_operation
    return await retry(
  File "/users/stud/k/kruret00/.local/lib/python3.10/site-packages/distributed/utils_comm.py", line 431, in retry
    return await coro()
  File "/users/stud/k/kruret00/.local/lib/python3.10/site-packages/distributed/core.py", line 1395, in send_recv_from_rpc
    return await send_recv(comm=comm, op=key, **kwargs)
  File "/users/stud/k/kruret00/.local/lib/python3.10/site-packages/distributed/core.py", line 1154, in send_recv
    response = await comm.read(deserializers=deserializers)
  File "/users/stud/k/kruret00/.local/lib/python3.10/site-packages/distributed/comm/tcp.py", line 236, in read
    convert_stream_closed_error(self, e)
  File "/users/stud/k/kruret00/.local/lib/python3.10/site-packages/distributed/comm/tcp.py", line 142, in convert_stream_closed_error
    raise CommClosedError(f"in {obj}: {exc}") from exc
distributed.comm.core.CommClosedError: in <TCP (closed) ConnectionPool.heartbeat_worker local=tcp://10.34.59.4:37414 remote=tcp://10.34.59.1:46355>: Stream is closed
2024-08-09 04:12:35,472 - distributed.core - INFO - Received 'close-stream' from tcp://10.34.59.1:46355; closing.
2024-08-09 04:12:35,472 - distributed.nanny - INFO - Worker closed
2024-08-09 04:12:35,472 - distributed.core - INFO - Received 'close-stream' from tcp://10.34.59.1:46355; closing.
2024-08-09 04:12:35,472 - distributed.nanny - INFO - Worker closed
2024-08-09 04:12:35,473 - distributed.core - INFO - Received 'close-stream' from tcp://10.34.59.1:46355; closing.
2024-08-09 04:12:35,473 - distributed.nanny - INFO - Worker closed
2024-08-09 04:12:35,472 - distributed.worker - ERROR - Failed to communicate with scheduler during heartbeat.
Traceback (most recent call last):
  File "/users/stud/k/kruret00/.local/lib/python3.10/site-packages/distributed/comm/tcp.py", line 225, in read
    frames_nosplit_nbytes_bin = await stream.read_bytes(fmt_size)
tornado.iostream.StreamClosedError: Stream is closed

The above exception was the direct cause of the following exception:

Traceback (most recent call last):
  File "/users/stud/k/kruret00/.local/lib/python3.10/site-packages/distributed/worker.py", line 1252, in heartbeat
    response = await retry_operation(
  File "/users/stud/k/kruret00/.local/lib/python3.10/site-packages/distributed/utils_comm.py", line 452, in retry_operation
    return await retry(
  File "/users/stud/k/kruret00/.local/lib/python3.10/site-packages/distributed/utils_comm.py", line 431, in retry
    return await coro()
  File "/users/stud/k/kruret00/.local/lib/python3.10/site-packages/distributed/core.py", line 1395, in send_recv_from_rpc
    return await send_recv(comm=comm, op=key, **kwargs)
  File "/users/stud/k/kruret00/.local/lib/python3.10/site-packages/distributed/core.py", line 1154, in send_recv
    response = await comm.read(deserializers=deserializers)
  File "/users/stud/k/kruret00/.local/lib/python3.10/site-packages/distributed/comm/tcp.py", line 236, in read
    convert_stream_closed_error(self, e)
  File "/users/stud/k/kruret00/.local/lib/python3.10/site-packages/distributed/comm/tcp.py", line 142, in convert_stream_closed_error
    raise CommClosedError(f"in {obj}: {exc}") from exc
distributed.comm.core.CommClosedError: in <TCP (closed) ConnectionPool.heartbeat_worker local=tcp://10.34.59.4:37412 remote=tcp://10.34.59.1:46355>: Stream is closed
2024-08-09 04:12:35,475 - distributed.core - INFO - Received 'close-stream' from tcp://10.34.59.1:46355; closing.
2024-08-09 04:12:35,475 - distributed.nanny - INFO - Worker closed
