2024-08-09 07:48:01,721 - distributed.nanny - INFO -         Start Nanny at: 'tcp://10.34.59.4:39043'
2024-08-09 07:48:01,722 - distributed.nanny - INFO -         Start Nanny at: 'tcp://10.34.59.4:38845'
2024-08-09 07:48:01,728 - distributed.nanny - INFO -         Start Nanny at: 'tcp://10.34.59.4:37237'
2024-08-09 07:48:01,728 - distributed.nanny - INFO -         Start Nanny at: 'tcp://10.34.59.4:41716'
2024-08-09 07:48:01,729 - distributed.nanny - INFO -         Start Nanny at: 'tcp://10.34.59.4:34403'
2024-08-09 07:48:01,735 - distributed.nanny - INFO -         Start Nanny at: 'tcp://10.34.59.4:36153'
2024-08-09 07:48:01,736 - distributed.nanny - INFO -         Start Nanny at: 'tcp://10.34.59.4:35365'
2024-08-09 07:48:01,736 - distributed.nanny - INFO -         Start Nanny at: 'tcp://10.34.59.4:34046'
2024-08-09 07:48:03,120 - distributed.worker - INFO -       Start worker at:     tcp://10.34.59.4:46751
2024-08-09 07:48:03,120 - distributed.worker - INFO -          Listening to:     tcp://10.34.59.4:46751
2024-08-09 07:48:03,120 - distributed.worker - INFO -           Worker name:           SLURMCluster-1-1
2024-08-09 07:48:03,120 - distributed.worker - INFO -          dashboard at:           10.34.59.4:34285
2024-08-09 07:48:03,120 - distributed.worker - INFO - Waiting to connect to:     tcp://10.34.59.1:33253
2024-08-09 07:48:03,120 - distributed.worker - INFO - -------------------------------------------------
2024-08-09 07:48:03,120 - distributed.worker - INFO -               Threads:                          1
2024-08-09 07:48:03,120 - distributed.worker - INFO -                Memory:                   1.86 GiB
2024-08-09 07:48:03,120 - distributed.worker - INFO -       Local Directory: /tmp/dask-scratch-space/worker-5_tye021
2024-08-09 07:48:03,120 - distributed.worker - INFO - -------------------------------------------------
2024-08-09 07:48:03,122 - distributed.worker - INFO -       Start worker at:     tcp://10.34.59.4:38148
2024-08-09 07:48:03,122 - distributed.worker - INFO -          Listening to:     tcp://10.34.59.4:38148
2024-08-09 07:48:03,122 - distributed.worker - INFO -       Start worker at:     tcp://10.34.59.4:40622
2024-08-09 07:48:03,122 - distributed.worker - INFO -           Worker name:           SLURMCluster-1-4
2024-08-09 07:48:03,122 - distributed.worker - INFO -          dashboard at:           10.34.59.4:35233
2024-08-09 07:48:03,122 - distributed.worker - INFO -          Listening to:     tcp://10.34.59.4:40622
2024-08-09 07:48:03,122 - distributed.worker - INFO - Waiting to connect to:     tcp://10.34.59.1:33253
2024-08-09 07:48:03,122 - distributed.worker - INFO -           Worker name:           SLURMCluster-1-5
2024-08-09 07:48:03,123 - distributed.worker - INFO - -------------------------------------------------
2024-08-09 07:48:03,123 - distributed.worker - INFO -          dashboard at:           10.34.59.4:45608
2024-08-09 07:48:03,123 - distributed.worker - INFO -               Threads:                          1
2024-08-09 07:48:03,123 - distributed.worker - INFO - Waiting to connect to:     tcp://10.34.59.1:33253
2024-08-09 07:48:03,123 - distributed.worker - INFO -                Memory:                   1.86 GiB
2024-08-09 07:48:03,123 - distributed.worker - INFO - -------------------------------------------------
2024-08-09 07:48:03,123 - distributed.worker - INFO -       Local Directory: /tmp/dask-scratch-space/worker-46_tyqaf
2024-08-09 07:48:03,123 - distributed.worker - INFO -               Threads:                          1
2024-08-09 07:48:03,123 - distributed.worker - INFO -                Memory:                   1.86 GiB
2024-08-09 07:48:03,123 - distributed.worker - INFO - -------------------------------------------------
2024-08-09 07:48:03,123 - distributed.worker - INFO -       Local Directory: /tmp/dask-scratch-space/worker-yfdqjbt1
2024-08-09 07:48:03,123 - distributed.worker - INFO - -------------------------------------------------
2024-08-09 07:48:03,126 - distributed.worker - INFO -       Start worker at:     tcp://10.34.59.4:43149
2024-08-09 07:48:03,126 - distributed.worker - INFO -          Listening to:     tcp://10.34.59.4:43149
2024-08-09 07:48:03,126 - distributed.worker - INFO -           Worker name:           SLURMCluster-1-0
2024-08-09 07:48:03,126 - distributed.worker - INFO -          dashboard at:           10.34.59.4:44776
2024-08-09 07:48:03,126 - distributed.worker - INFO - Waiting to connect to:     tcp://10.34.59.1:33253
2024-08-09 07:48:03,126 - distributed.worker - INFO - -------------------------------------------------
2024-08-09 07:48:03,126 - distributed.worker - INFO -               Threads:                          1
2024-08-09 07:48:03,126 - distributed.worker - INFO -                Memory:                   1.86 GiB
2024-08-09 07:48:03,126 - distributed.worker - INFO -       Local Directory: /tmp/dask-scratch-space/worker-i6xw3k_8
2024-08-09 07:48:03,126 - distributed.worker - INFO - -------------------------------------------------
2024-08-09 07:48:03,129 - distributed.worker - INFO -       Start worker at:     tcp://10.34.59.4:44724
2024-08-09 07:48:03,129 - distributed.worker - INFO -       Start worker at:     tcp://10.34.59.4:42401
2024-08-09 07:48:03,129 - distributed.worker - INFO -       Start worker at:     tcp://10.34.59.4:39729
2024-08-09 07:48:03,129 - distributed.worker - INFO -       Start worker at:     tcp://10.34.59.4:42907
2024-08-09 07:48:03,129 - distributed.worker - INFO -          Listening to:     tcp://10.34.59.4:44724
2024-08-09 07:48:03,129 - distributed.worker - INFO -          Listening to:     tcp://10.34.59.4:42401
2024-08-09 07:48:03,129 - distributed.worker - INFO -           Worker name:           SLURMCluster-1-7
2024-08-09 07:48:03,129 - distributed.worker - INFO -          Listening to:     tcp://10.34.59.4:39729
2024-08-09 07:48:03,129 - distributed.worker - INFO -          Listening to:     tcp://10.34.59.4:42907
2024-08-09 07:48:03,129 - distributed.worker - INFO -           Worker name:           SLURMCluster-1-6
2024-08-09 07:48:03,129 - distributed.worker - INFO -          dashboard at:           10.34.59.4:42437
2024-08-09 07:48:03,129 - distributed.worker - INFO -           Worker name:           SLURMCluster-1-3
2024-08-09 07:48:03,129 - distributed.worker - INFO -           Worker name:           SLURMCluster-1-2
2024-08-09 07:48:03,129 - distributed.worker - INFO - Waiting to connect to:     tcp://10.34.59.1:33253
2024-08-09 07:48:03,129 - distributed.worker - INFO -          dashboard at:           10.34.59.4:46290
2024-08-09 07:48:03,129 - distributed.worker - INFO -          dashboard at:           10.34.59.4:42762
2024-08-09 07:48:03,129 - distributed.worker - INFO -          dashboard at:           10.34.59.4:44278
2024-08-09 07:48:03,129 - distributed.worker - INFO - -------------------------------------------------
2024-08-09 07:48:03,129 - distributed.worker - INFO - Waiting to connect to:     tcp://10.34.59.1:33253
2024-08-09 07:48:03,129 - distributed.worker - INFO - Waiting to connect to:     tcp://10.34.59.1:33253
2024-08-09 07:48:03,129 - distributed.worker - INFO - Waiting to connect to:     tcp://10.34.59.1:33253
2024-08-09 07:48:03,129 - distributed.worker - INFO -               Threads:                          1
2024-08-09 07:48:03,129 - distributed.worker - INFO - -------------------------------------------------
2024-08-09 07:48:03,129 - distributed.worker - INFO - -------------------------------------------------
2024-08-09 07:48:03,129 - distributed.worker - INFO - -------------------------------------------------
2024-08-09 07:48:03,130 - distributed.worker - INFO -               Threads:                          1
2024-08-09 07:48:03,130 - distributed.worker - INFO -                Memory:                   1.86 GiB
2024-08-09 07:48:03,130 - distributed.worker - INFO -               Threads:                          1
2024-08-09 07:48:03,130 - distributed.worker - INFO -               Threads:                          1
2024-08-09 07:48:03,130 - distributed.worker - INFO -       Local Directory: /tmp/dask-scratch-space/worker-_t4jtnn6
2024-08-09 07:48:03,130 - distributed.worker - INFO -                Memory:                   1.86 GiB
2024-08-09 07:48:03,130 - distributed.worker - INFO -                Memory:                   1.86 GiB
2024-08-09 07:48:03,130 - distributed.worker - INFO -                Memory:                   1.86 GiB
2024-08-09 07:48:03,130 - distributed.worker - INFO -       Local Directory: /tmp/dask-scratch-space/worker-mm3xvkq3
2024-08-09 07:48:03,130 - distributed.worker - INFO -       Local Directory: /tmp/dask-scratch-space/worker-1cd3jntx
2024-08-09 07:48:03,130 - distributed.worker - INFO -       Local Directory: /tmp/dask-scratch-space/worker-96_6b4gm
2024-08-09 07:48:03,130 - distributed.worker - INFO - -------------------------------------------------
2024-08-09 07:48:03,130 - distributed.worker - INFO - -------------------------------------------------
2024-08-09 07:48:03,130 - distributed.worker - INFO - -------------------------------------------------
2024-08-09 07:48:03,130 - distributed.worker - INFO - -------------------------------------------------
2024-08-09 07:48:03,494 - distributed.worker - INFO - Starting Worker plugin shuffle
2024-08-09 07:48:03,495 - distributed.worker - INFO - Starting Worker plugin shuffle
2024-08-09 07:48:03,495 - distributed.worker - INFO -         Registered to:     tcp://10.34.59.1:33253
2024-08-09 07:48:03,495 - distributed.worker - INFO - -------------------------------------------------
2024-08-09 07:48:03,495 - distributed.core - INFO - Starting established connection to tcp://10.34.59.1:33253
2024-08-09 07:48:03,495 - distributed.worker - INFO -         Registered to:     tcp://10.34.59.1:33253
2024-08-09 07:48:03,495 - distributed.worker - INFO - -------------------------------------------------
2024-08-09 07:48:03,495 - distributed.core - INFO - Starting established connection to tcp://10.34.59.1:33253
2024-08-09 07:48:03,496 - distributed.worker - INFO - Starting Worker plugin shuffle
2024-08-09 07:48:03,496 - distributed.worker - INFO -         Registered to:     tcp://10.34.59.1:33253
2024-08-09 07:48:03,497 - distributed.worker - INFO - -------------------------------------------------
2024-08-09 07:48:03,497 - distributed.core - INFO - Starting established connection to tcp://10.34.59.1:33253
2024-08-09 07:48:03,501 - distributed.worker - INFO - Starting Worker plugin shuffle
2024-08-09 07:48:03,501 - distributed.worker - INFO -         Registered to:     tcp://10.34.59.1:33253
2024-08-09 07:48:03,502 - distributed.worker - INFO - -------------------------------------------------
2024-08-09 07:48:03,502 - distributed.worker - INFO - Starting Worker plugin shuffle
2024-08-09 07:48:03,502 - distributed.core - INFO - Starting established connection to tcp://10.34.59.1:33253
2024-08-09 07:48:03,502 - distributed.worker - INFO -         Registered to:     tcp://10.34.59.1:33253
2024-08-09 07:48:03,502 - distributed.worker - INFO - -------------------------------------------------
2024-08-09 07:48:03,503 - distributed.core - INFO - Starting established connection to tcp://10.34.59.1:33253
2024-08-09 07:48:03,505 - distributed.worker - INFO - Starting Worker plugin shuffle
2024-08-09 07:48:03,505 - distributed.worker - INFO -         Registered to:     tcp://10.34.59.1:33253
2024-08-09 07:48:03,506 - distributed.worker - INFO - -------------------------------------------------
2024-08-09 07:48:03,506 - distributed.core - INFO - Starting established connection to tcp://10.34.59.1:33253
2024-08-09 07:48:03,516 - distributed.worker - INFO - Starting Worker plugin shuffle
2024-08-09 07:48:03,516 - distributed.worker - INFO -         Registered to:     tcp://10.34.59.1:33253
2024-08-09 07:48:03,517 - distributed.worker - INFO - -------------------------------------------------
2024-08-09 07:48:03,517 - distributed.worker - INFO - Starting Worker plugin shuffle
2024-08-09 07:48:03,517 - distributed.core - INFO - Starting established connection to tcp://10.34.59.1:33253
2024-08-09 07:48:03,517 - distributed.worker - INFO -         Registered to:     tcp://10.34.59.1:33253
2024-08-09 07:48:03,517 - distributed.worker - INFO - -------------------------------------------------
2024-08-09 07:48:03,518 - distributed.core - INFO - Starting established connection to tcp://10.34.59.1:33253
2024-08-09 07:48:06,600 - distributed.worker.memory - WARNING - Worker is at 87% memory usage. Pausing worker.  Process memory: 1.63 GiB -- Worker memory limit: 1.86 GiB
2024-08-09 07:48:06,834 - distributed.worker.memory - WARNING - Unmanaged memory use is high. This may indicate a memory leak or the memory may not be released to the OS; see https://distributed.dask.org/en/latest/worker-memory.html#memory-not-released-back-to-the-os for more information. -- Unmanaged memory: 1.63 GiB -- Worker memory limit: 1.86 GiB
2024-08-09 07:48:06,980 - distributed.worker.memory - WARNING - Worker is at 9% memory usage. Resuming worker. Process memory: 173.66 MiB -- Worker memory limit: 1.86 GiB
slurmstepd: error: *** JOB 2331194 ON cl-node004 CANCELLED AT 2024-08-09T07:48:22 ***
2024-08-09 07:48:22,508 - distributed.worker - INFO - Stopping worker at tcp://10.34.59.4:44724. Reason: scheduler-close
2024-08-09 07:48:22,508 - distributed.worker - INFO - Stopping worker at tcp://10.34.59.4:39729. Reason: scheduler-close
2024-08-09 07:48:22,508 - distributed.worker - INFO - Stopping worker at tcp://10.34.59.4:42401. Reason: scheduler-close
2024-08-09 07:48:22,509 - distributed.worker - INFO - Stopping worker at tcp://10.34.59.4:46751. Reason: scheduler-close
2024-08-09 07:48:22,509 - distributed.worker - INFO - Stopping worker at tcp://10.34.59.4:40622. Reason: scheduler-close
2024-08-09 07:48:22,509 - distributed.worker - INFO - Stopping worker at tcp://10.34.59.4:38148. Reason: scheduler-close
2024-08-09 07:48:22,509 - distributed.worker - INFO - Stopping worker at tcp://10.34.59.4:42907. Reason: scheduler-close
2024-08-09 07:48:22,509 - distributed.worker - INFO - Stopping worker at tcp://10.34.59.4:43149. Reason: scheduler-close
2024-08-09 07:48:22,514 - distributed.nanny - INFO - Closing Nanny gracefully at 'tcp://10.34.59.4:41716'. Reason: scheduler-close
2024-08-09 07:48:22,516 - distributed.nanny - INFO - Closing Nanny gracefully at 'tcp://10.34.59.4:34046'. Reason: scheduler-close
2024-08-09 07:48:22,517 - distributed.nanny - INFO - Closing Nanny gracefully at 'tcp://10.34.59.4:38845'. Reason: scheduler-close
2024-08-09 07:48:22,517 - distributed.core - INFO - Received 'close-stream' from tcp://10.34.59.1:33253; closing.
2024-08-09 07:48:22,517 - distributed.nanny - INFO - Worker closed
2024-08-09 07:48:22,517 - distributed.nanny - INFO - Closing Nanny gracefully at 'tcp://10.34.59.4:35365'. Reason: scheduler-close
2024-08-09 07:48:22,517 - distributed.nanny - INFO - Closing Nanny gracefully at 'tcp://10.34.59.4:36153'. Reason: scheduler-close
2024-08-09 07:48:22,519 - distributed.core - INFO - Received 'close-stream' from tcp://10.34.59.1:33253; closing.
2024-08-09 07:48:22,519 - distributed.nanny - INFO - Worker closed
2024-08-09 07:48:22,519 - distributed.core - INFO - Received 'close-stream' from tcp://10.34.59.1:33253; closing.
2024-08-09 07:48:22,519 - distributed.nanny - INFO - Worker closed
2024-08-09 07:48:22,520 - distributed.nanny - INFO - Closing Nanny gracefully at 'tcp://10.34.59.4:34403'. Reason: scheduler-close
2024-08-09 07:48:22,520 - distributed.nanny - INFO - Closing Nanny gracefully at 'tcp://10.34.59.4:39043'. Reason: scheduler-close
2024-08-09 07:48:22,521 - distributed.core - INFO - Received 'close-stream' from tcp://10.34.59.1:33253; closing.
2024-08-09 07:48:22,521 - distributed.nanny - INFO - Worker closed
2024-08-09 07:48:22,521 - distributed.core - INFO - Received 'close-stream' from tcp://10.34.59.1:33253; closing.
2024-08-09 07:48:22,521 - distributed.worker - ERROR - Failed to communicate with scheduler during heartbeat.
Traceback (most recent call last):
  File "/users/stud/k/kruret00/.local/lib/python3.10/site-packages/tornado/iostream.py", line 861, in _read_to_buffer
    bytes_read = self.read_from_fd(buf)
  File "/users/stud/k/kruret00/.local/lib/python3.10/site-packages/tornado/iostream.py", line 1116, in read_from_fd
    return self.socket.recv_into(buf, len(buf))
ConnectionResetError: [Errno 104] Connection reset by peer

The above exception was the direct cause of the following exception:

Traceback (most recent call last):
  File "/users/stud/k/kruret00/.local/lib/python3.10/site-packages/distributed/worker.py", line 1252, in heartbeat
    response = await retry_operation(
  File "/users/stud/k/kruret00/.local/lib/python3.10/site-packages/distributed/utils_comm.py", line 452, in retry_operation
    return await retry(
  File "/users/stud/k/kruret00/.local/lib/python3.10/site-packages/distributed/utils_comm.py", line 431, in retry
    return await coro()
  File "/users/stud/k/kruret00/.local/lib/python3.10/site-packages/distributed/core.py", line 1395, in send_recv_from_rpc
    return await send_recv(comm=comm, op=key, **kwargs)
  File "/users/stud/k/kruret00/.local/lib/python3.10/site-packages/distributed/core.py", line 1154, in send_recv
    response = await comm.read(deserializers=deserializers)
  File "/users/stud/k/kruret00/.local/lib/python3.10/site-packages/distributed/comm/tcp.py", line 236, in read
    convert_stream_closed_error(self, e)
  File "/users/stud/k/kruret00/.local/lib/python3.10/site-packages/distributed/comm/tcp.py", line 140, in convert_stream_closed_error
    raise CommClosedError(f"in {obj}: {exc.__class__.__name__}: {exc}") from exc
distributed.comm.core.CommClosedError: in <TCP (closed) ConnectionPool.heartbeat_worker local=tcp://10.34.59.4:54304 remote=tcp://10.34.59.1:33253>: ConnectionResetError: [Errno 104] Connection reset by peer
2024-08-09 07:48:22,522 - distributed.nanny - INFO - Worker closed
2024-08-09 07:48:22,521 - distributed.worker - ERROR - Failed to communicate with scheduler during heartbeat.
Traceback (most recent call last):
  File "/users/stud/k/kruret00/.local/lib/python3.10/site-packages/tornado/iostream.py", line 861, in _read_to_buffer
    bytes_read = self.read_from_fd(buf)
  File "/users/stud/k/kruret00/.local/lib/python3.10/site-packages/tornado/iostream.py", line 1116, in read_from_fd
    return self.socket.recv_into(buf, len(buf))
ConnectionResetError: [Errno 104] Connection reset by peer

The above exception was the direct cause of the following exception:

Traceback (most recent call last):
  File "/users/stud/k/kruret00/.local/lib/python3.10/site-packages/distributed/worker.py", line 1252, in heartbeat
    response = await retry_operation(
  File "/users/stud/k/kruret00/.local/lib/python3.10/site-packages/distributed/utils_comm.py", line 452, in retry_operation
    return await retry(
  File "/users/stud/k/kruret00/.local/lib/python3.10/site-packages/distributed/utils_comm.py", line 431, in retry
    return await coro()
  File "/users/stud/k/kruret00/.local/lib/python3.10/site-packages/distributed/core.py", line 1395, in send_recv_from_rpc
    return await send_recv(comm=comm, op=key, **kwargs)
  File "/users/stud/k/kruret00/.local/lib/python3.10/site-packages/distributed/core.py", line 1154, in send_recv
    response = await comm.read(deserializers=deserializers)
  File "/users/stud/k/kruret00/.local/lib/python3.10/site-packages/distributed/comm/tcp.py", line 236, in read
    convert_stream_closed_error(self, e)
  File "/users/stud/k/kruret00/.local/lib/python3.10/site-packages/distributed/comm/tcp.py", line 140, in convert_stream_closed_error
    raise CommClosedError(f"in {obj}: {exc.__class__.__name__}: {exc}") from exc
distributed.comm.core.CommClosedError: in <TCP (closed) ConnectionPool.heartbeat_worker local=tcp://10.34.59.4:54306 remote=tcp://10.34.59.1:33253>: ConnectionResetError: [Errno 104] Connection reset by peer
2024-08-09 07:48:22,523 - distributed.core - INFO - Received 'close-stream' from tcp://10.34.59.1:33253; closing.
2024-08-09 07:48:22,523 - distributed.nanny - INFO - Worker closed
2024-08-09 07:48:22,523 - distributed.core - INFO - Received 'close-stream' from tcp://10.34.59.1:33253; closing.
2024-08-09 07:48:22,524 - distributed.nanny - INFO - Worker closed
2024-08-09 07:48:22,525 - distributed.nanny - INFO - Closing Nanny gracefully at 'tcp://10.34.59.4:37237'. Reason: scheduler-close
2024-08-09 07:48:22,527 - distributed.core - INFO - Received 'close-stream' from tcp://10.34.59.1:33253; closing.
2024-08-09 07:48:22,527 - distributed.nanny - INFO - Worker closed
