2024-08-09 03:57:36,906 - distributed.nanny - INFO -         Start Nanny at: 'tcp://10.34.59.2:34702'
2024-08-09 03:57:36,913 - distributed.nanny - INFO -         Start Nanny at: 'tcp://10.34.59.2:36872'
2024-08-09 03:57:36,916 - distributed.nanny - INFO -         Start Nanny at: 'tcp://10.34.59.2:44987'
2024-08-09 03:57:36,917 - distributed.nanny - INFO -         Start Nanny at: 'tcp://10.34.59.2:33378'
2024-08-09 03:57:38,095 - distributed.worker - INFO -       Start worker at:     tcp://10.34.59.2:43398
2024-08-09 03:57:38,095 - distributed.worker - INFO -       Start worker at:     tcp://10.34.59.2:46297
2024-08-09 03:57:38,096 - distributed.worker - INFO -          Listening to:     tcp://10.34.59.2:43398
2024-08-09 03:57:38,095 - distributed.worker - INFO -       Start worker at:     tcp://10.34.59.2:45823
2024-08-09 03:57:38,096 - distributed.worker - INFO -           Worker name:           SLURMCluster-0-2
2024-08-09 03:57:38,096 - distributed.worker - INFO -          Listening to:     tcp://10.34.59.2:46297
2024-08-09 03:57:38,096 - distributed.worker - INFO -          Listening to:     tcp://10.34.59.2:45823
2024-08-09 03:57:38,096 - distributed.worker - INFO -       Start worker at:     tcp://10.34.59.2:33808
2024-08-09 03:57:38,096 - distributed.worker - INFO -          dashboard at:           10.34.59.2:36897
2024-08-09 03:57:38,096 - distributed.worker - INFO -           Worker name:           SLURMCluster-0-1
2024-08-09 03:57:38,096 - distributed.worker - INFO -           Worker name:           SLURMCluster-0-3
2024-08-09 03:57:38,096 - distributed.worker - INFO - Waiting to connect to:     tcp://10.34.59.1:33316
2024-08-09 03:57:38,096 - distributed.worker - INFO -          Listening to:     tcp://10.34.59.2:33808
2024-08-09 03:57:38,096 - distributed.worker - INFO -          dashboard at:           10.34.59.2:41070
2024-08-09 03:57:38,096 - distributed.worker - INFO -          dashboard at:           10.34.59.2:44521
2024-08-09 03:57:38,096 - distributed.worker - INFO - -------------------------------------------------
2024-08-09 03:57:38,096 - distributed.worker - INFO - Waiting to connect to:     tcp://10.34.59.1:33316
2024-08-09 03:57:38,096 - distributed.worker - INFO -           Worker name:           SLURMCluster-0-0
2024-08-09 03:57:38,096 - distributed.worker - INFO - Waiting to connect to:     tcp://10.34.59.1:33316
2024-08-09 03:57:38,096 - distributed.worker - INFO -               Threads:                          1
2024-08-09 03:57:38,096 - distributed.worker - INFO - -------------------------------------------------
2024-08-09 03:57:38,096 - distributed.worker - INFO - -------------------------------------------------
2024-08-09 03:57:38,096 - distributed.worker - INFO -          dashboard at:           10.34.59.2:43252
2024-08-09 03:57:38,096 - distributed.worker - INFO -                Memory:                   1.86 GiB
2024-08-09 03:57:38,096 - distributed.worker - INFO -               Threads:                          1
2024-08-09 03:57:38,096 - distributed.worker - INFO -               Threads:                          1
2024-08-09 03:57:38,096 - distributed.worker - INFO - Waiting to connect to:     tcp://10.34.59.1:33316
2024-08-09 03:57:38,096 - distributed.worker - INFO -       Local Directory: /tmp/dask-scratch-space/worker-gadqynrr
2024-08-09 03:57:38,096 - distributed.worker - INFO -                Memory:                   1.86 GiB
2024-08-09 03:57:38,096 - distributed.worker - INFO - -------------------------------------------------
2024-08-09 03:57:38,096 - distributed.worker - INFO -                Memory:                   1.86 GiB
2024-08-09 03:57:38,096 - distributed.worker - INFO -       Local Directory: /tmp/dask-scratch-space/worker-pka48ts2
2024-08-09 03:57:38,096 - distributed.worker - INFO - -------------------------------------------------
2024-08-09 03:57:38,096 - distributed.worker - INFO -               Threads:                          1
2024-08-09 03:57:38,096 - distributed.worker - INFO -       Local Directory: /tmp/dask-scratch-space/worker-z712khmb
2024-08-09 03:57:38,096 - distributed.worker - INFO -                Memory:                   1.86 GiB
2024-08-09 03:57:38,096 - distributed.worker - INFO - -------------------------------------------------
2024-08-09 03:57:38,096 - distributed.worker - INFO - -------------------------------------------------
2024-08-09 03:57:38,096 - distributed.worker - INFO -       Local Directory: /tmp/dask-scratch-space/worker-1jmpk9_m
2024-08-09 03:57:38,096 - distributed.worker - INFO - -------------------------------------------------
2024-08-09 03:57:38,502 - distributed.worker - INFO - Starting Worker plugin shuffle
2024-08-09 03:57:38,502 - distributed.worker - INFO -         Registered to:     tcp://10.34.59.1:33316
2024-08-09 03:57:38,503 - distributed.worker - INFO - -------------------------------------------------
2024-08-09 03:57:38,503 - distributed.core - INFO - Starting established connection to tcp://10.34.59.1:33316
2024-08-09 03:57:38,503 - distributed.worker - INFO - Starting Worker plugin shuffle
2024-08-09 03:57:38,504 - distributed.worker - INFO -         Registered to:     tcp://10.34.59.1:33316
2024-08-09 03:57:38,504 - distributed.worker - INFO - -------------------------------------------------
2024-08-09 03:57:38,504 - distributed.worker - INFO - Starting Worker plugin shuffle
2024-08-09 03:57:38,504 - distributed.core - INFO - Starting established connection to tcp://10.34.59.1:33316
2024-08-09 03:57:38,505 - distributed.worker - INFO -         Registered to:     tcp://10.34.59.1:33316
2024-08-09 03:57:38,505 - distributed.worker - INFO - -------------------------------------------------
2024-08-09 03:57:38,505 - distributed.core - INFO - Starting established connection to tcp://10.34.59.1:33316
2024-08-09 03:57:38,505 - distributed.worker - INFO - Starting Worker plugin shuffle
2024-08-09 03:57:38,506 - distributed.worker - INFO -         Registered to:     tcp://10.34.59.1:33316
2024-08-09 03:57:38,506 - distributed.worker - INFO - -------------------------------------------------
2024-08-09 03:57:38,506 - distributed.core - INFO - Starting established connection to tcp://10.34.59.1:33316
2024-08-09 03:57:49,042 - distributed.worker - INFO - Stopping worker at tcp://10.34.59.2:43398. Reason: scheduler-close
slurmstepd: error: *** JOB 2328821 ON cl-node002 CANCELLED AT 2024-08-09T03:57:49 ***
2024-08-09 03:57:49,042 - distributed.worker - INFO - Stopping worker at tcp://10.34.59.2:33808. Reason: scheduler-close
2024-08-09 03:57:49,042 - distributed.worker - INFO - Stopping worker at tcp://10.34.59.2:46297. Reason: scheduler-close
2024-08-09 03:57:49,042 - distributed.worker - INFO - Stopping worker at tcp://10.34.59.2:45823. Reason: scheduler-close
2024-08-09 03:57:49,044 - distributed.batched - INFO - Batched Comm Closed <TCP (closed) Worker->Scheduler local=tcp://10.34.59.2:53222 remote=tcp://10.34.59.1:33316>
Traceback (most recent call last):
  File "/users/stud/k/kruret00/.local/lib/python3.10/site-packages/distributed/comm/tcp.py", line 297, in write
    raise StreamClosedError()
tornado.iostream.StreamClosedError: Stream is closed

The above exception was the direct cause of the following exception:

Traceback (most recent call last):
  File "/users/stud/k/kruret00/.local/lib/python3.10/site-packages/distributed/batched.py", line 115, in _background_send
    nbytes = yield coro
  File "/users/stud/k/kruret00/.local/lib/python3.10/site-packages/tornado/gen.py", line 767, in run
    value = future.result()
  File "/users/stud/k/kruret00/.local/lib/python3.10/site-packages/distributed/comm/tcp.py", line 307, in write
    convert_stream_closed_error(self, e)
  File "/users/stud/k/kruret00/.local/lib/python3.10/site-packages/distributed/comm/tcp.py", line 142, in convert_stream_closed_error
    raise CommClosedError(f"in {obj}: {exc}") from exc
distributed.comm.core.CommClosedError: in <TCP (closed) Worker->Scheduler local=tcp://10.34.59.2:53222 remote=tcp://10.34.59.1:33316>: Stream is closed
2024-08-09 03:57:49,044 - distributed.batched - INFO - Batched Comm Closed <TCP (closed) Worker->Scheduler local=tcp://10.34.59.2:53228 remote=tcp://10.34.59.1:33316>
Traceback (most recent call last):
  File "/users/stud/k/kruret00/.local/lib/python3.10/site-packages/distributed/comm/tcp.py", line 297, in write
    raise StreamClosedError()
tornado.iostream.StreamClosedError: Stream is closed

The above exception was the direct cause of the following exception:

Traceback (most recent call last):
  File "/users/stud/k/kruret00/.local/lib/python3.10/site-packages/distributed/batched.py", line 115, in _background_send
    nbytes = yield coro
  File "/users/stud/k/kruret00/.local/lib/python3.10/site-packages/tornado/gen.py", line 767, in run
    value = future.result()
  File "/users/stud/k/kruret00/.local/lib/python3.10/site-packages/distributed/comm/tcp.py", line 307, in write
    convert_stream_closed_error(self, e)
  File "/users/stud/k/kruret00/.local/lib/python3.10/site-packages/distributed/comm/tcp.py", line 142, in convert_stream_closed_error
    raise CommClosedError(f"in {obj}: {exc}") from exc
distributed.comm.core.CommClosedError: in <TCP (closed) Worker->Scheduler local=tcp://10.34.59.2:53228 remote=tcp://10.34.59.1:33316>: Stream is closed
2024-08-09 03:57:49,044 - distributed.batched - INFO - Batched Comm Closed <TCP (closed) Worker->Scheduler local=tcp://10.34.59.2:53225 remote=tcp://10.34.59.1:33316>
Traceback (most recent call last):
  File "/users/stud/k/kruret00/.local/lib/python3.10/site-packages/distributed/comm/tcp.py", line 297, in write
    raise StreamClosedError()
tornado.iostream.StreamClosedError: Stream is closed

The above exception was the direct cause of the following exception:

Traceback (most recent call last):
  File "/users/stud/k/kruret00/.local/lib/python3.10/site-packages/distributed/batched.py", line 115, in _background_send
    nbytes = yield coro
  File "/users/stud/k/kruret00/.local/lib/python3.10/site-packages/tornado/gen.py", line 767, in run
    value = future.result()
  File "/users/stud/k/kruret00/.local/lib/python3.10/site-packages/distributed/comm/tcp.py", line 307, in write
    convert_stream_closed_error(self, e)
  File "/users/stud/k/kruret00/.local/lib/python3.10/site-packages/distributed/comm/tcp.py", line 142, in convert_stream_closed_error
    raise CommClosedError(f"in {obj}: {exc}") from exc
distributed.comm.core.CommClosedError: in <TCP (closed) Worker->Scheduler local=tcp://10.34.59.2:53225 remote=tcp://10.34.59.1:33316>: Stream is closed
2024-08-09 03:57:49,046 - distributed.nanny - INFO - Closing Nanny gracefully at 'tcp://10.34.59.2:44987'. Reason: scheduler-close
2024-08-09 03:57:49,044 - distributed.batched - INFO - Batched Comm Closed <TCP (closed) Worker->Scheduler local=tcp://10.34.59.2:53224 remote=tcp://10.34.59.1:33316>
Traceback (most recent call last):
  File "/users/stud/k/kruret00/.local/lib/python3.10/site-packages/distributed/comm/tcp.py", line 297, in write
    raise StreamClosedError()
tornado.iostream.StreamClosedError: Stream is closed

The above exception was the direct cause of the following exception:

Traceback (most recent call last):
  File "/users/stud/k/kruret00/.local/lib/python3.10/site-packages/distributed/batched.py", line 115, in _background_send
    nbytes = yield coro
  File "/users/stud/k/kruret00/.local/lib/python3.10/site-packages/tornado/gen.py", line 767, in run
    value = future.result()
  File "/users/stud/k/kruret00/.local/lib/python3.10/site-packages/distributed/comm/tcp.py", line 307, in write
    convert_stream_closed_error(self, e)
  File "/users/stud/k/kruret00/.local/lib/python3.10/site-packages/distributed/comm/tcp.py", line 142, in convert_stream_closed_error
    raise CommClosedError(f"in {obj}: {exc}") from exc
distributed.comm.core.CommClosedError: in <TCP (closed) Worker->Scheduler local=tcp://10.34.59.2:53224 remote=tcp://10.34.59.1:33316>: Stream is closed
2024-08-09 03:57:49,047 - distributed.nanny - INFO - Closing Nanny gracefully at 'tcp://10.34.59.2:36872'. Reason: scheduler-close
2024-08-09 03:57:49,047 - distributed.nanny - INFO - Closing Nanny gracefully at 'tcp://10.34.59.2:34702'. Reason: scheduler-close
2024-08-09 03:57:49,048 - distributed.nanny - INFO - Closing Nanny gracefully at 'tcp://10.34.59.2:33378'. Reason: scheduler-close
2024-08-09 03:57:49,048 - distributed.core - INFO - Received 'close-stream' from tcp://10.34.59.1:33316; closing.
2024-08-09 03:57:49,048 - distributed.nanny - INFO - Worker closed
2024-08-09 03:57:49,049 - distributed.core - INFO - Received 'close-stream' from tcp://10.34.59.1:33316; closing.
2024-08-09 03:57:49,049 - distributed.nanny - INFO - Worker closed
2024-08-09 03:57:49,049 - distributed.core - INFO - Received 'close-stream' from tcp://10.34.59.1:33316; closing.
2024-08-09 03:57:49,049 - distributed.nanny - INFO - Worker closed
2024-08-09 03:57:49,051 - distributed.core - INFO - Received 'close-stream' from tcp://10.34.59.1:33316; closing.
2024-08-09 03:57:49,051 - distributed.nanny - INFO - Worker closed
