2024-08-09 05:52:59,156 - distributed.nanny - INFO -         Start Nanny at: 'tcp://10.34.59.2:42036'
2024-08-09 05:52:59,160 - distributed.nanny - INFO -         Start Nanny at: 'tcp://10.34.59.2:34100'
2024-08-09 05:52:59,163 - distributed.nanny - INFO -         Start Nanny at: 'tcp://10.34.59.2:42561'
2024-08-09 05:52:59,163 - distributed.nanny - INFO -         Start Nanny at: 'tcp://10.34.59.2:44820'
2024-08-09 05:52:59,757 - distributed.diskutils - INFO - Found stale lock file and directory '/tmp/dask-scratch-space/worker-djw8bvty', purging
2024-08-09 05:52:59,758 - distributed.diskutils - INFO - Found stale lock file and directory '/tmp/dask-scratch-space/worker-c8g540c7', purging
2024-08-09 05:52:59,758 - distributed.diskutils - INFO - Found stale lock file and directory '/tmp/dask-scratch-space/worker-lw3l_tm6', purging
2024-08-09 05:52:59,758 - distributed.diskutils - INFO - Found stale lock file and directory '/tmp/dask-scratch-space/worker-phiqwsav', purging
2024-08-09 05:53:00,284 - distributed.worker - INFO -       Start worker at:     tcp://10.34.59.2:38947
2024-08-09 05:53:00,284 - distributed.worker - INFO -       Start worker at:     tcp://10.34.59.2:38761
2024-08-09 05:53:00,284 - distributed.worker - INFO -       Start worker at:     tcp://10.34.59.2:40623
2024-08-09 05:53:00,285 - distributed.worker - INFO -          Listening to:     tcp://10.34.59.2:38947
2024-08-09 05:53:00,285 - distributed.worker - INFO -          Listening to:     tcp://10.34.59.2:38761
2024-08-09 05:53:00,285 - distributed.worker - INFO -           Worker name:           SLURMCluster-0-0
2024-08-09 05:53:00,285 - distributed.worker - INFO -          Listening to:     tcp://10.34.59.2:40623
2024-08-09 05:53:00,285 - distributed.worker - INFO -           Worker name:           SLURMCluster-0-1
2024-08-09 05:53:00,285 - distributed.worker - INFO -           Worker name:           SLURMCluster-0-2
2024-08-09 05:53:00,285 - distributed.worker - INFO -          dashboard at:           10.34.59.2:44144
2024-08-09 05:53:00,285 - distributed.worker - INFO -          dashboard at:           10.34.59.2:42148
2024-08-09 05:53:00,285 - distributed.worker - INFO - Waiting to connect to:     tcp://10.34.59.1:38683
2024-08-09 05:53:00,285 - distributed.worker - INFO -          dashboard at:           10.34.59.2:45728
2024-08-09 05:53:00,285 - distributed.worker - INFO - Waiting to connect to:     tcp://10.34.59.1:38683
2024-08-09 05:53:00,285 - distributed.worker - INFO -       Start worker at:     tcp://10.34.59.2:43375
2024-08-09 05:53:00,285 - distributed.worker - INFO - -------------------------------------------------
2024-08-09 05:53:00,285 - distributed.worker - INFO - Waiting to connect to:     tcp://10.34.59.1:38683
2024-08-09 05:53:00,285 - distributed.worker - INFO - -------------------------------------------------
2024-08-09 05:53:00,285 - distributed.worker - INFO -               Threads:                          1
2024-08-09 05:53:00,285 - distributed.worker - INFO - -------------------------------------------------
2024-08-09 05:53:00,285 - distributed.worker - INFO -          Listening to:     tcp://10.34.59.2:43375
2024-08-09 05:53:00,285 - distributed.worker - INFO -               Threads:                          1
2024-08-09 05:53:00,285 - distributed.worker - INFO -                Memory:                   1.86 GiB
2024-08-09 05:53:00,285 - distributed.worker - INFO -               Threads:                          1
2024-08-09 05:53:00,285 - distributed.worker - INFO -           Worker name:           SLURMCluster-0-3
2024-08-09 05:53:00,285 - distributed.worker - INFO -                Memory:                   1.86 GiB
2024-08-09 05:53:00,285 - distributed.worker - INFO -       Local Directory: /tmp/dask-scratch-space/worker-pmorm1oc
2024-08-09 05:53:00,285 - distributed.worker - INFO -                Memory:                   1.86 GiB
2024-08-09 05:53:00,285 - distributed.worker - INFO -       Local Directory: /tmp/dask-scratch-space/worker-x1dqyb0f
2024-08-09 05:53:00,285 - distributed.worker - INFO -          dashboard at:           10.34.59.2:36453
2024-08-09 05:53:00,285 - distributed.worker - INFO -       Local Directory: /tmp/dask-scratch-space/worker-c6ej5ux5
2024-08-09 05:53:00,285 - distributed.worker - INFO - -------------------------------------------------
2024-08-09 05:53:00,285 - distributed.worker - INFO - Waiting to connect to:     tcp://10.34.59.1:38683
2024-08-09 05:53:00,285 - distributed.worker - INFO - -------------------------------------------------
2024-08-09 05:53:00,285 - distributed.worker - INFO - -------------------------------------------------
2024-08-09 05:53:00,285 - distributed.worker - INFO - -------------------------------------------------
2024-08-09 05:53:00,285 - distributed.worker - INFO -               Threads:                          1
2024-08-09 05:53:00,285 - distributed.worker - INFO -                Memory:                   1.86 GiB
2024-08-09 05:53:00,285 - distributed.worker - INFO -       Local Directory: /tmp/dask-scratch-space/worker-ib7q_bdc
2024-08-09 05:53:00,285 - distributed.worker - INFO - -------------------------------------------------
2024-08-09 05:53:00,689 - distributed.worker - INFO - Starting Worker plugin shuffle
2024-08-09 05:53:00,690 - distributed.worker - INFO -         Registered to:     tcp://10.34.59.1:38683
2024-08-09 05:53:00,690 - distributed.worker - INFO - -------------------------------------------------
2024-08-09 05:53:00,690 - distributed.core - INFO - Starting established connection to tcp://10.34.59.1:38683
2024-08-09 05:53:00,691 - distributed.worker - INFO - Starting Worker plugin shuffle
2024-08-09 05:53:00,691 - distributed.worker - INFO -         Registered to:     tcp://10.34.59.1:38683
2024-08-09 05:53:00,692 - distributed.worker - INFO - -------------------------------------------------
2024-08-09 05:53:00,692 - distributed.core - INFO - Starting established connection to tcp://10.34.59.1:38683
2024-08-09 05:53:00,706 - distributed.worker - INFO - Starting Worker plugin shuffle
2024-08-09 05:53:00,707 - distributed.worker - INFO -         Registered to:     tcp://10.34.59.1:38683
2024-08-09 05:53:00,707 - distributed.worker - INFO - -------------------------------------------------
2024-08-09 05:53:00,707 - distributed.core - INFO - Starting established connection to tcp://10.34.59.1:38683
2024-08-09 05:53:00,708 - distributed.worker - INFO - Starting Worker plugin shuffle
2024-08-09 05:53:00,709 - distributed.worker - INFO -         Registered to:     tcp://10.34.59.1:38683
2024-08-09 05:53:00,709 - distributed.worker - INFO - -------------------------------------------------
2024-08-09 05:53:00,709 - distributed.core - INFO - Starting established connection to tcp://10.34.59.1:38683
slurmstepd: error: *** JOB 2330373 ON cl-node002 CANCELLED AT 2024-08-09T05:53:36 ***
2024-08-09 05:53:36,186 - distributed.worker - INFO - Stopping worker at tcp://10.34.59.2:43375. Reason: scheduler-close
2024-08-09 05:53:36,186 - distributed.worker - INFO - Stopping worker at tcp://10.34.59.2:38947. Reason: scheduler-close
2024-08-09 05:53:36,186 - distributed.worker - INFO - Stopping worker at tcp://10.34.59.2:38761. Reason: scheduler-close
2024-08-09 05:53:36,186 - distributed.worker - INFO - Stopping worker at tcp://10.34.59.2:40623. Reason: scheduler-close
2024-08-09 05:53:36,187 - distributed.batched - INFO - Batched Comm Closed <TCP (closed) Worker->Scheduler local=tcp://10.34.59.2:58857 remote=tcp://10.34.59.1:38683>
Traceback (most recent call last):
  File "/users/stud/k/kruret00/.local/lib/python3.10/site-packages/distributed/comm/tcp.py", line 297, in write
    raise StreamClosedError()
tornado.iostream.StreamClosedError: Stream is closed

The above exception was the direct cause of the following exception:

Traceback (most recent call last):
  File "/users/stud/k/kruret00/.local/lib/python3.10/site-packages/distributed/batched.py", line 115, in _background_send
    nbytes = yield coro
  File "/users/stud/k/kruret00/.local/lib/python3.10/site-packages/tornado/gen.py", line 767, in run
    value = future.result()
  File "/users/stud/k/kruret00/.local/lib/python3.10/site-packages/distributed/comm/tcp.py", line 307, in write
    convert_stream_closed_error(self, e)
  File "/users/stud/k/kruret00/.local/lib/python3.10/site-packages/distributed/comm/tcp.py", line 142, in convert_stream_closed_error
    raise CommClosedError(f"in {obj}: {exc}") from exc
distributed.comm.core.CommClosedError: in <TCP (closed) Worker->Scheduler local=tcp://10.34.59.2:58857 remote=tcp://10.34.59.1:38683>: Stream is closed
2024-08-09 05:53:36,187 - distributed.batched - INFO - Batched Comm Closed <TCP (closed) Worker->Scheduler local=tcp://10.34.59.2:58862 remote=tcp://10.34.59.1:38683>
Traceback (most recent call last):
  File "/users/stud/k/kruret00/.local/lib/python3.10/site-packages/distributed/comm/tcp.py", line 297, in write
    raise StreamClosedError()
tornado.iostream.StreamClosedError: Stream is closed

The above exception was the direct cause of the following exception:

Traceback (most recent call last):
  File "/users/stud/k/kruret00/.local/lib/python3.10/site-packages/distributed/batched.py", line 115, in _background_send
    nbytes = yield coro
  File "/users/stud/k/kruret00/.local/lib/python3.10/site-packages/tornado/gen.py", line 767, in run
    value = future.result()
  File "/users/stud/k/kruret00/.local/lib/python3.10/site-packages/distributed/comm/tcp.py", line 307, in write
    convert_stream_closed_error(self, e)
  File "/users/stud/k/kruret00/.local/lib/python3.10/site-packages/distributed/comm/tcp.py", line 142, in convert_stream_closed_error
    raise CommClosedError(f"in {obj}: {exc}") from exc
distributed.comm.core.CommClosedError: in <TCP (closed) Worker->Scheduler local=tcp://10.34.59.2:58862 remote=tcp://10.34.59.1:38683>: Stream is closed
2024-08-09 05:53:36,187 - distributed.batched - INFO - Batched Comm Closed <TCP (closed) Worker->Scheduler local=tcp://10.34.59.2:58856 remote=tcp://10.34.59.1:38683>
Traceback (most recent call last):
  File "/users/stud/k/kruret00/.local/lib/python3.10/site-packages/distributed/comm/tcp.py", line 297, in write
    raise StreamClosedError()
tornado.iostream.StreamClosedError: Stream is closed

The above exception was the direct cause of the following exception:

Traceback (most recent call last):
  File "/users/stud/k/kruret00/.local/lib/python3.10/site-packages/distributed/batched.py", line 115, in _background_send
    nbytes = yield coro
  File "/users/stud/k/kruret00/.local/lib/python3.10/site-packages/tornado/gen.py", line 767, in run
    value = future.result()
  File "/users/stud/k/kruret00/.local/lib/python3.10/site-packages/distributed/comm/tcp.py", line 307, in write
    convert_stream_closed_error(self, e)
  File "/users/stud/k/kruret00/.local/lib/python3.10/site-packages/distributed/comm/tcp.py", line 142, in convert_stream_closed_error
    raise CommClosedError(f"in {obj}: {exc}") from exc
distributed.comm.core.CommClosedError: in <TCP (closed) Worker->Scheduler local=tcp://10.34.59.2:58856 remote=tcp://10.34.59.1:38683>: Stream is closed
2024-08-09 05:53:36,188 - distributed.batched - INFO - Batched Comm Closed <TCP (closed) Worker->Scheduler local=tcp://10.34.59.2:58860 remote=tcp://10.34.59.1:38683>
Traceback (most recent call last):
  File "/users/stud/k/kruret00/.local/lib/python3.10/site-packages/distributed/comm/tcp.py", line 297, in write
    raise StreamClosedError()
tornado.iostream.StreamClosedError: Stream is closed

The above exception was the direct cause of the following exception:

Traceback (most recent call last):
  File "/users/stud/k/kruret00/.local/lib/python3.10/site-packages/distributed/batched.py", line 115, in _background_send
    nbytes = yield coro
  File "/users/stud/k/kruret00/.local/lib/python3.10/site-packages/tornado/gen.py", line 767, in run
    value = future.result()
  File "/users/stud/k/kruret00/.local/lib/python3.10/site-packages/distributed/comm/tcp.py", line 307, in write
    convert_stream_closed_error(self, e)
  File "/users/stud/k/kruret00/.local/lib/python3.10/site-packages/distributed/comm/tcp.py", line 142, in convert_stream_closed_error
    raise CommClosedError(f"in {obj}: {exc}") from exc
distributed.comm.core.CommClosedError: in <TCP (closed) Worker->Scheduler local=tcp://10.34.59.2:58860 remote=tcp://10.34.59.1:38683>: Stream is closed
2024-08-09 05:53:36,190 - distributed.nanny - INFO - Closing Nanny gracefully at 'tcp://10.34.59.2:44820'. Reason: scheduler-close
2024-08-09 05:53:36,191 - distributed.nanny - INFO - Closing Nanny gracefully at 'tcp://10.34.59.2:34100'. Reason: scheduler-close
2024-08-09 05:53:36,191 - distributed.nanny - INFO - Closing Nanny gracefully at 'tcp://10.34.59.2:42036'. Reason: scheduler-close
2024-08-09 05:53:36,192 - distributed.nanny - INFO - Closing Nanny gracefully at 'tcp://10.34.59.2:42561'. Reason: scheduler-close
2024-08-09 05:53:36,193 - distributed.core - INFO - Received 'close-stream' from tcp://10.34.59.1:38683; closing.
2024-08-09 05:53:36,193 - distributed.nanny - INFO - Worker closed
2024-08-09 05:53:36,194 - distributed.core - INFO - Received 'close-stream' from tcp://10.34.59.1:38683; closing.
2024-08-09 05:53:36,194 - distributed.nanny - INFO - Worker closed
2024-08-09 05:53:36,195 - distributed.worker - ERROR - Failed to communicate with scheduler during heartbeat.
Traceback (most recent call last):
  File "/users/stud/k/kruret00/.local/lib/python3.10/site-packages/distributed/core.py", line 1564, in _connect
    comm = await connect(
  File "/users/stud/k/kruret00/.local/lib/python3.10/site-packages/distributed/comm/core.py", line 342, in connect
    comm = await wait_for(
  File "/users/stud/k/kruret00/.local/lib/python3.10/site-packages/distributed/utils.py", line 1961, in wait_for
    return await asyncio.wait_for(fut, timeout)
  File "/opt/apps/easybuild/software/Python/3.10.8-GCCcore-12.2.0/lib/python3.10/asyncio/tasks.py", line 432, in wait_for
    await waiter
asyncio.exceptions.CancelledError

During handling of the above exception, another exception occurred:

Traceback (most recent call last):
  File "/users/stud/k/kruret00/.local/lib/python3.10/site-packages/distributed/core.py", line 1674, in connect
    return connect_attempt.result()
asyncio.exceptions.CancelledError

During handling of the above exception, another exception occurred:

Traceback (most recent call last):
  File "/users/stud/k/kruret00/.local/lib/python3.10/site-packages/distributed/worker.py", line 1252, in heartbeat
    response = await retry_operation(
  File "/users/stud/k/kruret00/.local/lib/python3.10/site-packages/distributed/utils_comm.py", line 452, in retry_operation
    return await retry(
  File "/users/stud/k/kruret00/.local/lib/python3.10/site-packages/distributed/utils_comm.py", line 431, in retry
    return await coro()
  File "/users/stud/k/kruret00/.local/lib/python3.10/site-packages/distributed/core.py", line 1392, in send_recv_from_rpc
    comm = await self.pool.connect(self.addr)
  File "/users/stud/k/kruret00/.local/lib/python3.10/site-packages/distributed/core.py", line 1676, in connect
    raise CommClosedError(reason)
distributed.comm.core.CommClosedError: ConnectionPool closing.
2024-08-09 05:53:36,196 - distributed.worker - ERROR - Failed to communicate with scheduler during heartbeat.
Traceback (most recent call last):
  File "/users/stud/k/kruret00/.local/lib/python3.10/site-packages/distributed/core.py", line 1564, in _connect
    comm = await connect(
  File "/users/stud/k/kruret00/.local/lib/python3.10/site-packages/distributed/comm/core.py", line 342, in connect
    comm = await wait_for(
  File "/users/stud/k/kruret00/.local/lib/python3.10/site-packages/distributed/utils.py", line 1961, in wait_for
    return await asyncio.wait_for(fut, timeout)
  File "/opt/apps/easybuild/software/Python/3.10.8-GCCcore-12.2.0/lib/python3.10/asyncio/tasks.py", line 432, in wait_for
    await waiter
asyncio.exceptions.CancelledError

During handling of the above exception, another exception occurred:

Traceback (most recent call last):
  File "/users/stud/k/kruret00/.local/lib/python3.10/site-packages/distributed/core.py", line 1674, in connect
    return connect_attempt.result()
asyncio.exceptions.CancelledError

During handling of the above exception, another exception occurred:

Traceback (most recent call last):
  File "/users/stud/k/kruret00/.local/lib/python3.10/site-packages/distributed/worker.py", line 1252, in heartbeat
    response = await retry_operation(
  File "/users/stud/k/kruret00/.local/lib/python3.10/site-packages/distributed/utils_comm.py", line 452, in retry_operation
    return await retry(
  File "/users/stud/k/kruret00/.local/lib/python3.10/site-packages/distributed/utils_comm.py", line 431, in retry
    return await coro()
  File "/users/stud/k/kruret00/.local/lib/python3.10/site-packages/distributed/core.py", line 1392, in send_recv_from_rpc
    comm = await self.pool.connect(self.addr)
  File "/users/stud/k/kruret00/.local/lib/python3.10/site-packages/distributed/core.py", line 1676, in connect
    raise CommClosedError(reason)
distributed.comm.core.CommClosedError: ConnectionPool closing.
2024-08-09 05:53:36,201 - distributed.core - INFO - Received 'close-stream' from tcp://10.34.59.1:38683; closing.
2024-08-09 05:53:36,202 - distributed.nanny - INFO - Worker closed
2024-08-09 05:53:36,203 - distributed.core - INFO - Received 'close-stream' from tcp://10.34.59.1:38683; closing.
2024-08-09 05:53:36,204 - distributed.nanny - INFO - Worker closed
