2024-08-09 06:15:39,768 - distributed.nanny - INFO -         Start Nanny at: 'tcp://10.34.59.6:36494'
2024-08-09 06:15:40,368 - distributed.diskutils - INFO - Found stale lock file and directory '/tmp/dask-scratch-space/worker-1ln6z4h_', purging
2024-08-09 06:15:40,369 - distributed.diskutils - INFO - Found stale lock file and directory '/tmp/dask-scratch-space/worker-m_k2a9v5', purging
2024-08-09 06:15:40,369 - distributed.diskutils - INFO - Found stale lock file and directory '/tmp/dask-scratch-space/worker-8emzu1ie', purging
2024-08-09 06:15:40,369 - distributed.diskutils - INFO - Found stale lock file and directory '/tmp/dask-scratch-space/worker-ll0oh1wm', purging
2024-08-09 06:15:40,369 - distributed.diskutils - INFO - Found stale lock file and directory '/tmp/dask-scratch-space/worker-q753pk6_', purging
2024-08-09 06:15:40,370 - distributed.diskutils - INFO - Found stale lock file and directory '/tmp/dask-scratch-space/worker-v1xdyx7v', purging
2024-08-09 06:15:40,370 - distributed.diskutils - INFO - Found stale lock file and directory '/tmp/dask-scratch-space/worker-0zy7c6xm', purging
2024-08-09 06:15:40,370 - distributed.diskutils - INFO - Found stale lock file and directory '/tmp/dask-scratch-space/worker-m8b6rp3d', purging
2024-08-09 06:15:40,370 - distributed.diskutils - INFO - Found stale lock file and directory '/tmp/dask-scratch-space/worker-gwxc14__', purging
2024-08-09 06:15:40,370 - distributed.diskutils - INFO - Found stale lock file and directory '/tmp/dask-scratch-space/worker-_qomq8r3', purging
2024-08-09 06:15:40,371 - distributed.diskutils - INFO - Found stale lock file and directory '/tmp/dask-scratch-space/worker-nw181gd8', purging
2024-08-09 06:15:40,371 - distributed.diskutils - INFO - Found stale lock file and directory '/tmp/dask-scratch-space/worker-4cololxx', purging
2024-08-09 06:15:40,371 - distributed.diskutils - INFO - Found stale lock file and directory '/tmp/dask-scratch-space/worker-v4__2kyg', purging
2024-08-09 06:15:40,371 - distributed.diskutils - INFO - Found stale lock file and directory '/tmp/dask-scratch-space/worker-87um1ksi', purging
2024-08-09 06:15:40,371 - distributed.diskutils - INFO - Found stale lock file and directory '/tmp/dask-scratch-space/worker-n0gtto41', purging
2024-08-09 06:15:40,371 - distributed.diskutils - INFO - Found stale lock file and directory '/tmp/dask-scratch-space/worker-ksuhebxh', purging
2024-08-09 06:15:41,015 - distributed.worker - INFO -       Start worker at:     tcp://10.34.59.6:35499
2024-08-09 06:15:41,015 - distributed.worker - INFO -          Listening to:     tcp://10.34.59.6:35499
2024-08-09 06:15:41,016 - distributed.worker - INFO -           Worker name:             SLURMCluster-1
2024-08-09 06:15:41,016 - distributed.worker - INFO -          dashboard at:           10.34.59.6:39449
2024-08-09 06:15:41,016 - distributed.worker - INFO - Waiting to connect to:     tcp://10.34.59.1:34663
2024-08-09 06:15:41,016 - distributed.worker - INFO - -------------------------------------------------
2024-08-09 06:15:41,016 - distributed.worker - INFO -               Threads:                          1
2024-08-09 06:15:41,016 - distributed.worker - INFO -                Memory:                   1.86 GiB
2024-08-09 06:15:41,016 - distributed.worker - INFO -       Local Directory: /tmp/dask-scratch-space/worker-97m7kyfy
2024-08-09 06:15:41,016 - distributed.worker - INFO - -------------------------------------------------
2024-08-09 06:15:41,575 - distributed.worker - INFO - Starting Worker plugin shuffle
2024-08-09 06:15:41,575 - distributed.worker - INFO -         Registered to:     tcp://10.34.59.1:34663
2024-08-09 06:15:41,575 - distributed.worker - INFO - -------------------------------------------------
2024-08-09 06:15:41,576 - distributed.core - INFO - Starting established connection to tcp://10.34.59.1:34663
2024-08-09 06:16:17,077 - distributed.worker - INFO - Stopping worker at tcp://10.34.59.6:35499. Reason: scheduler-close
slurmstepd: error: *** JOB 2330437 ON cl-node006 CANCELLED AT 2024-08-09T06:16:17 ***
2024-08-09 06:16:17,080 - distributed.worker - ERROR - Failed to communicate with scheduler during heartbeat.
Traceback (most recent call last):
  File "/users/stud/k/kruret00/.local/lib/python3.10/site-packages/tornado/iostream.py", line 861, in _read_to_buffer
    bytes_read = self.read_from_fd(buf)
  File "/users/stud/k/kruret00/.local/lib/python3.10/site-packages/tornado/iostream.py", line 1116, in read_from_fd
    return self.socket.recv_into(buf, len(buf))
ConnectionResetError: [Errno 104] Connection reset by peer

The above exception was the direct cause of the following exception:

Traceback (most recent call last):
  File "/users/stud/k/kruret00/.local/lib/python3.10/site-packages/distributed/worker.py", line 1252, in heartbeat
    response = await retry_operation(
  File "/users/stud/k/kruret00/.local/lib/python3.10/site-packages/distributed/utils_comm.py", line 452, in retry_operation
    return await retry(
  File "/users/stud/k/kruret00/.local/lib/python3.10/site-packages/distributed/utils_comm.py", line 431, in retry
    return await coro()
  File "/users/stud/k/kruret00/.local/lib/python3.10/site-packages/distributed/core.py", line 1395, in send_recv_from_rpc
    return await send_recv(comm=comm, op=key, **kwargs)
  File "/users/stud/k/kruret00/.local/lib/python3.10/site-packages/distributed/core.py", line 1154, in send_recv
    response = await comm.read(deserializers=deserializers)
  File "/users/stud/k/kruret00/.local/lib/python3.10/site-packages/distributed/comm/tcp.py", line 236, in read
    convert_stream_closed_error(self, e)
  File "/users/stud/k/kruret00/.local/lib/python3.10/site-packages/distributed/comm/tcp.py", line 140, in convert_stream_closed_error
    raise CommClosedError(f"in {obj}: {exc.__class__.__name__}: {exc}") from exc
distributed.comm.core.CommClosedError: in <TCP (closed) ConnectionPool.heartbeat_worker local=tcp://10.34.59.6:36566 remote=tcp://10.34.59.1:34663>: ConnectionResetError: [Errno 104] Connection reset by peer
2024-08-09 06:16:17,084 - distributed.batched - INFO - Batched Comm Closed <TCP (closed) Worker->Scheduler local=tcp://10.34.59.6:36564 remote=tcp://10.34.59.1:34663>
Traceback (most recent call last):
  File "/users/stud/k/kruret00/.local/lib/python3.10/site-packages/distributed/comm/tcp.py", line 297, in write
    raise StreamClosedError()
tornado.iostream.StreamClosedError: Stream is closed

The above exception was the direct cause of the following exception:

Traceback (most recent call last):
  File "/users/stud/k/kruret00/.local/lib/python3.10/site-packages/distributed/batched.py", line 115, in _background_send
    nbytes = yield coro
  File "/users/stud/k/kruret00/.local/lib/python3.10/site-packages/tornado/gen.py", line 767, in run
    value = future.result()
  File "/users/stud/k/kruret00/.local/lib/python3.10/site-packages/distributed/comm/tcp.py", line 307, in write
    convert_stream_closed_error(self, e)
  File "/users/stud/k/kruret00/.local/lib/python3.10/site-packages/distributed/comm/tcp.py", line 142, in convert_stream_closed_error
    raise CommClosedError(f"in {obj}: {exc}") from exc
distributed.comm.core.CommClosedError: in <TCP (closed) Worker->Scheduler local=tcp://10.34.59.6:36564 remote=tcp://10.34.59.1:34663>: Stream is closed
2024-08-09 06:16:17,087 - distributed.nanny - INFO - Closing Nanny gracefully at 'tcp://10.34.59.6:36494'. Reason: scheduler-close
2024-08-09 06:16:17,090 - distributed.core - INFO - Received 'close-stream' from tcp://10.34.59.1:34663; closing.
2024-08-09 06:16:17,090 - distributed.nanny - INFO - Worker closed
